Log file open, 04/07/15 13:03:18
LogInit:Display: Running engine for game: EndlessFlyer
LogInit: Version: 4.7.4-2497108+++depot+UE4-Releases+4.7
LogInit: API Version: 2455222
LogInit: Compiled (64-bit): Mar 31 2015 09:40:25
LogInit: Compiled with Visual C++: 18.00.21005.01
LogInit: Build Configuration: Development
LogInit: Branch Name: ++depot+UE4-Releases+4.7
LogInit: Command line:  
LogInit: Base directory: C:/Program Files/EpicGames/Epic Games/4.7/Engine/Binaries/Win64/
LogInit: Rocket: 1
[2015.04.07-18.03.18:378][  0]LogTaskGraph: Started task graph with 3 named threads and 4 total threads.
[2015.04.07-18.03.18:417][  0]LogOnline:Warning: No default platform service specified for OnlineSubsystem
[2015.04.07-18.03.18:437][  0]LogInit: Presizing for 0 objects not considered by GC, pre-allocating 0 bytes.
[2015.04.07-18.03.18:451][  0]LogInit: Object subsystem initialized
[2015.04.07-18.03.18:455][  0]LogConsoleResponse:Warning: Skipping Unknown console variable: 'TranslucentSortAxis = (X=0.000000,Y=-1.000000,Z=0.000000)'
[2015.04.07-18.03.18:455][  0]LogConsoleResponse:Warning:   Found in ini file 'C:/Users/Alejandro/Documents/Game Making/Unreal/EndlessFlyer/Saved/Config/Windows/Engine.ini', in section '[/Script/Engine.RendererSettings]'
[2015.04.07-18.03.18:455][  0]LogConsoleResponse:Warning: Skipping Unknown console variable: 'UIScaleRule = ShortestSide'
[2015.04.07-18.03.18:455][  0]LogConsoleResponse:Warning:   Found in ini file 'C:/Users/Alejandro/Documents/Game Making/Unreal/EndlessFlyer/Saved/Config/Windows/Engine.ini', in section '[/Script/Engine.RendererSettings]'
[2015.04.07-18.03.18:455][  0]LogConsoleResponse:Warning: Skipping Unknown console variable: 'UIScaleCurve = (EditorCurveData=(Keys=),ExternalCurve=None)'
[2015.04.07-18.03.18:455][  0]LogConsoleResponse:Warning:   Found in ini file 'C:/Users/Alejandro/Documents/Game Making/Unreal/EndlessFlyer/Saved/Config/Windows/Engine.ini', in section '[/Script/Engine.RendererSettings]'
[2015.04.07-18.03.18:457][  0]LogInit: Selected Device Profile: [Windows]
[2015.04.07-18.03.18:457][  0]LogInit: Applying CVar settings loaded from the selected device profile: [Windows]
[2015.04.07-18.03.18:491][  0]LogInit: Computer: WHEATLEY
[2015.04.07-18.03.18:491][  0]LogInit: User: Alejandro
[2015.04.07-18.03.18:491][  0]LogInit: CPU Page size=4096, Cores=2
[2015.04.07-18.03.18:491][  0]LogInit: High frequency timer resolution =2.338337 MHz
[2015.04.07-18.03.18:491][  0]LogMemory: Memory total: Physical=5.9GB (6GB approx) Virtual=131072.0GB
[2015.04.07-18.03.18:492][  0]LogMemory: Platform Memory Stats for Windows
[2015.04.07-18.03.18:492][  0]LogMemory: Process Physical Memory: 46.16 MB used, 46.16 MB peak
[2015.04.07-18.03.18:492][  0]LogMemory: Process Virtual Memory: 22.41 MB used, 22.41 MB peak
[2015.04.07-18.03.18:492][  0]LogMemory: Physical Memory: 3549.41 MB used, 6045.10 MB total
[2015.04.07-18.03.18:492][  0]LogMemory: Virtual Memory: 284.41 MB used, 134217728.00 MB total
[2015.04.07-18.03.18:588][  0]LogD3D11RHI: Found D3D11 adapter 0: Intel(R) HD Graphics Family (Feature Level 11_0)
[2015.04.07-18.03.18:588][  0]LogD3D11RHI: Adapter has 0MB of dedicated video memory, 0MB of dedicated system memory, and 1792MB of shared system memory, 1 output[s]
[2015.04.07-18.03.18:628][  0]LogD3D11RHI: Found D3D11 adapter 1: NVIDIA GeForce GT 720M    (Feature Level 11_0)
[2015.04.07-18.03.18:628][  0]LogD3D11RHI: Adapter has 1994MB of dedicated video memory, 0MB of dedicated system memory, and 2047MB of shared system memory, 0 output[s]
[2015.04.07-18.03.18:633][  0]LogD3D11RHI: Found D3D11 adapter 2: Microsoft Basic Render Driver (Feature Level 11_0)
[2015.04.07-18.03.18:633][  0]LogD3D11RHI: Adapter has 0MB of dedicated video memory, 0MB of dedicated system memory, and 256MB of shared system memory, 0 output[s]
[2015.04.07-18.03.18:633][  0]LogD3D11RHI: Chosen D3D11 Adapter Id = 0
[2015.04.07-18.03.18:652][  0]LogRHI: Texture pool is 1361 MB (70% of 1945 MB)
[2015.04.07-18.03.18:693][  0]LogD3D11RHI: Async texture creation enabled
[2015.04.07-18.03.18:801][  0]LogTextLocalizationManager: The requested culture ('en') has no localization data; parent culture's ('es') localization data will be used.
[2015.04.07-18.03.19:129][  0]LogTextLocalizationManager:Warning: Loading localization resources contain conflicting entries for (Namespace:UICommands, Key:Save_ToolTip):
Resource: (C:/Program Files/EpicGames/Epic Games/4.7/Engine/Content/Localization/Editor/en/Editor.locres) Hash: (-29098895) String: (Saves the current level to disk)
Resource: (C:/Program Files/EpicGames/Epic Games/4.7/Engine/Content/Localization/Engine/en/Engine.locres) Hash: (-1280300587) String: (Save selected data to vlog file)
[2015.04.07-18.03.19:129][  0]LogTextLocalizationManager:Warning: Loading localization resources contain conflicting entries for (Namespace:ContentBrowser, Key:ImportAssetToolTip):
Resource: (C:/Program Files/EpicGames/Epic Games/4.7/Engine/Content/Localization/Editor/en/Editor.locres) Hash: (-630476809) String: (Import to {0}...)
Resource: (C:/Program Files/EpicGames/Epic Games/4.7/Engine/Content/Localization/Editor/en/Editor.locres) Hash: (1271782899) String: (Imports an asset from file to this folder.)
[2015.04.07-18.03.19:369][  0]LogContentStreaming: Texture pool size is 0.000000MB
[2015.04.07-18.03.27:065][  0]LogTargetPlatformManager:Display: Building Assets For Windows
[2015.04.07-18.03.29:446][  0]LogTargetPlatformManager:Display: Building Assets For Windows
[2015.04.07-18.03.29:670][  0]LogDerivedDataCache:Display: Max Cache Size: 512 MB
[2015.04.07-18.03.29:864][  0]LogDerivedDataCache: Loaded boot cache 0.19s 39MB C:/Users/Alejandro/AppData/Local/UnrealEngine/4.7/DerivedDataCache/Boot.ddc.
[2015.04.07-18.03.29:864][  0]LogDerivedDataCache:Display: Loaded Boot cache: C:/Users/Alejandro/AppData/Local/UnrealEngine/4.7/DerivedDataCache/Boot.ddc
[2015.04.07-18.03.29:864][  0]LogDerivedDataCache: FDerivedDataBackendGraph:  Pak pak cache file ../../../../../../../Users/Alejandro/Documents/Game Making/Unreal/EndlessFlyer/DerivedDataCache/DDC.ddp not found, will not use a pak cache.
[2015.04.07-18.03.29:864][  0]LogDerivedDataCache: Unable to find inner node Pak for hierarchical cache Hierarchy.
[2015.04.07-18.03.30:260][  0]LogDerivedDataCache:Display: Pak cache opened for reading ../../../Engine/DerivedDataCache/Compressed.ddp.
[2015.04.07-18.03.30:277][  0]LogDerivedDataCache: Using Local data cache path C:/Users/Alejandro/AppData/Local/UnrealEngine/Common/DerivedDataCache: Writable
[2015.04.07-18.03.31:365][  0]LogMeshUtilities: No automatic mesh reduction module available
[2015.04.07-18.03.31:365][  0]LogMeshUtilities: No automatic mesh merging module available
[2015.04.07-18.03.32:642][  0]LogInit: WinSock: version 1.1 (2.2), MaxSocks=32767, MaxUdp=65467
[2015.04.07-18.03.32:983][  0]LogSlate:Warning: Failed to load font data from '../../../Engine/Content/Slate/Fonts/Roboto-Italic.ttf'
[2015.04.07-18.03.35:619][  0]UdpMessaging: Initializing bridge on interface 0.0.0.0:0 to multicast group 230.0.0.1:6666.
[2015.04.07-18.03.36:204][  0]SourceControl: Info Source control is disabled
[2015.04.07-18.03.36:204][  0]SourceControl: Info Source control is disabled
[2015.04.07-18.03.36:204][  0]SourceControl: Info Source control is disabled
[2015.04.07-18.03.36:204][  0]LogSourceControl: RunCommandInternalRaw: 'git version'
[2015.04.07-18.03.36:205][  0]LogSourceControl: RunCommandInternalRaw: ExecProcess ReturnCode=2 OutResults=''
[2015.04.07-18.03.36:228][  0]LogSourceControl: RunCommandInternalRaw: 'git version'
[2015.04.07-18.03.36:250][  0]LogSourceControl: RunCommandInternalRaw: ExecProcess ReturnCode=0 OutResults='git version 1.9.5.msysgit.1
'
[2015.04.07-18.03.36:971][  0]LeapPluginLog: Using LeapPlugin version 0.9.2
[2015.04.07-18.03.36:985][  0]LogObj: 24850 objects as part of root set at end of initial load.
[2015.04.07-18.03.36:985][  0]LogUObjectAllocator: 5236528 out of 0 bytes used by permanent object pool.
[2015.04.07-18.03.37:261][  0]LogEngine: Initializing Engine...
[2015.04.07-18.03.39:808][  0]LogInit: XAudio2 using 'Altavoces (Realtek High Definition Audio)' : 2 channels at 48 kHz using 32 bits per sample (channel mask 0x3)
[2015.04.07-18.03.39:853][  0]LogInit: FAudioDevice initialized.
[2015.04.07-18.03.40:018][  0]LogAIModule: Creating AISystem for world NewWorld
[2015.04.07-18.03.40:089][  0]LogDerivedDataCache: Saved boot cache 0.07s 39MB C:/Users/Alejandro/AppData/Local/UnrealEngine/4.7/DerivedDataCache/Boot.ddc.
[2015.04.07-18.03.40:098][  0]LogInit: Texture streaming: Enabled
[2015.04.07-18.03.40:459][  0]LogAnalytics: Creating configured Analytics provider AnalyticsET
[2015.04.07-18.03.40:459][  0]LogAnalytics: ET APIKey = Rocket.Release. APIServer = http://et2.epicgames.com/ET2/. AppVersion = 4.7.4-2497108+++depot+UE4-Releases+4.7
[2015.04.07-18.03.40:459][  0]LogAnalytics: ET APIKey = Rocket.Release. DataRouterUploadURL = https://datarouter-public-service-gamedev.ol.epicgames.net/datarouter/api/v1/public/data. AppVersion = 4.7.4-2497108+++depot+UE4-Releases+4.7
[2015.04.07-18.03.40:460][  0]LogAnalytics: SetUserId 4d7b92ee4a918ef235694a9553972bff|8bf8f7568e974c7196ce9bba7cc36de4|353ae85b-d1f9-4354-8b4e-d27eb10dd716
[2015.04.07-18.03.40:460][  0]LogAnalytics: AnalyticsET::StartSession [Rocket.Release]
[2015.04.07-18.03.40:542][  0]LogInit: Transaction tracking system initialized
[2015.04.07-18.03.41:430][  0]BlueprintLog: New page: Editor Load
[2015.04.07-18.03.41:515][  0]LogAssetRegistry: FAssetRegistry took 0.0138 seconds to start up
[2015.04.07-18.03.41:517][  0]LogDirectoryWatcher:Warning: Failed to begin reading directory changes for ../../../Engine/Plugins/Experimental/CharacterAI/Content/. Error: 0
[2015.04.07-18.03.44:070][  0]LogTargetPlatformManager:Display: Building Assets For Windows
[2015.04.07-18.03.45:670][  0]LogTargetPlatformManager:Display: Building Assets For Windows
[2015.04.07-18.03.46:556][  0]LogSlate:Warning: Failed to load font data from '../../../Engine/Content/Editor/Slate/Fonts/Roboto-Regular.ttf'
[2015.04.07-18.03.46:557][  0]LogSlate:Warning: Failed to load font data from '../../../Engine/Content/Editor/Slate/Fonts/Roboto-Bold.ttf'
[2015.04.07-18.03.46:728][  0]LogConsoleResponse:Display: 
[2015.04.07-18.03.47:379][  0]LogCook:Display: Done creating registry. It took  0.00s.
[2015.04.07-18.03.48:124][  0]LogSourceControl: RunCommandInternalRaw: 'git version'
[2015.04.07-18.03.48:176][  0]LogSourceControl: RunCommandInternalRaw: ExecProcess ReturnCode=0 OutResults='git version 1.9.5.msysgit.1
'
[2015.04.07-18.03.48:180][  0]Cmd: MAP LOAD FILE="../../../../../../../Users/Alejandro/Documents/Game Making/Unreal/EndlessFlyer/Content/FlyingBP/Maps/FlyingExampleMap.umap" TEMPLATE=0 SHOWPROGRESS=1 FEATURELEVEL=3
[2015.04.07-18.03.48:180][  0]LogEditorServer:Warning: Can't find file '../../../../../../../Users/Alejandro/Documents/Game Making/Unreal/EndlessFlyer/Content/FlyingBP/Maps/FlyingExampleMap.umap'
[2015.04.07-18.03.48:184][  0]Cmd: MAP CHECKDEP
[2015.04.07-18.03.48:185][  0]MapCheck: New page: Untitled_0 - Apr 7, 2015, 8:03:48 AM
[2015.04.07-18.03.48:462][  0]MapCheck: Info Map check complete: 0 Error(s), 0 Warning(s), took 277.413ms to complete.
[2015.04.07-18.03.48:462][  0]LogFileHelpers: Loading map 'FlyingExampleMap' took 0.283
[2015.04.07-18.03.48:948][  0]LogSourceControl: RunCommandInternalRaw: 'git status'
[2015.04.07-18.03.48:949][  0]LogCollectionManager: Loaded 0 collections in 0.005393 seconds
[2015.04.07-18.03.48:992][  0]LogContentBrowser: Native class hierarchy populated in 0.0430 seconds. Added 1722 classes and 265 folders.
[2015.04.07-18.03.49:154][  0]LogSourceControl: RunCommandInternalRaw: ExecProcess ReturnCode=0 OutResults='On branch master
Changes to be committed:
  (use "git reset HEAD <file>..." to unstage)

	new file:   Content/FlyingBP/Blueprints/BP_Obstacle.uasset
	deleted:    Content/FlyingBP/Blueprints/FlyingPawn.uasset
	deleted:    Content/FlyingBP/Blueprints/Materials/M_Impact_Ripple.uasset
	deleted:    Content/FlyingBP/Blueprints/Materials/M_Light_Beam.uasset
	deleted:    Content/FlyingBP/Blueprints/Materials/M_Orange_Shiny.uasset
	deleted:    Content/FlyingBP/Blueprints/Materials/M_Pickup_Coin.uasset
	deleted:    Content/FlyingBP/Blueprints/Materials/M_Pickup_Coin_2.uasset
	deleted:    Content/FlyingBP/Blueprints/Materials/M_Pickup_Cupcake.uasset
	deleted:    Content/FlyingBP/Blueprints/Materials/M_Pickup_Health.uasset
	deleted:    Content/FlyingBP/Blueprints/Materials/M_Spotlight_Glass.uasset
	deleted:    Content/FlyingBP/Blueprints/Materials/SpotLightLensMaterial.uasset
	deleted:    Content/FlyingBP/Effects/P_Metal_Impact.uasset
	deleted:    Content/FlyingBP/Effects/P_Pixel_Engine.uasset
	deleted:    Content/FlyingBP/Effects/P_Pixel_Explosion.uasset
	deleted:    Content/FlyingBP/Effects/P_Pixel_Explosion_Enemy.uasset
	deleted:    Content/FlyingBP/Effects/P_Pixel_Explosion_Player.uasset
	deleted:    Content/FlyingBP/Effects/P_UFO_Engine.uasset
	deleted:    Content/FlyingBP/Effects/P_UFO_Engine_Boost.uasset
	deleted:    Content/FlyingBP/Maps/FlyingExampleMap.umap
	deleted:    Content/FlyingBP/Materials/M_Abduction_Beam.uasset
	deleted:    Content/FlyingBP/Materials/M_Cow_Pasture.uasset
	deleted:    Content/FlyingBP/Materials/M_Particle_Ribbon.uasset
	deleted:    Content/FlyingBP/Materials/M_Pixel_Cube.uasset
	deleted:    Content/FlyingBP/Materials/M_Pixel_Cube_Blue_Inst.uasset
	deleted:    Content/FlyingBP/Materials/M_Pixel_Cube_Enemy_2_Inst.uasset
	deleted:    Content/FlyingBP/Materials/M_Pixel_Cube_Enemy_Inst.uasset
	deleted:    Content/FlyingBP/Materials/M_Pixel_Cube_Particle.uasset
	deleted:    Content/FlyingBP/Materials/M_Pixel_Cube_Skin_Inst.uasset
	deleted:    Content/FlyingBP/Materials/M_Radial_Gradient.uasset
	deleted:    Content/FlyingBP/Materials/M_Space_Background.uasset
	deleted:    Content/FlyingBP/Materials/M_Toy_Cow.uasset
	deleted:    Content/FlyingBP/Materials/M_Toy_Fence.uasset
	deleted:    Content/FlyingBP/Materials/M_Toy_Tree.uasset
	deleted:    Content/FlyingBP/Materials/M_UFO_Main.uasset
	deleted:    Content/FlyingBP/Materials/M_UFO_Main_Inst.uasset
	deleted:    Content/FlyingBP/Materials/PM_UFO.uasset
	deleted:    Content/FlyingBP/Meshes/FlyingCubeRounded.uasset
	deleted:    Content/FlyingBP/Meshes/FlyingFloor.uasset
	deleted:    Content/FlyingBP/Meshes/SM_Pixel_Cube.uasset
	deleted:    Content/FlyingBP/Meshes/SM_Pixel_Dude.uasset
	deleted:    Content/FlyingBP/Meshes/SM_Pixel_Dude_Jumping.uasset
	deleted:    Content/FlyingBP/Meshes/SM_Pixel_Enemy_1.uasset
	deleted:    Content/FlyingBP/Meshes/SM_Pixel_Player.uasset
	deleted:    Content/FlyingBP/Meshes/SM_Toy_Cow.uasset
	deleted:    Content/FlyingBP/Meshes/SM_Toy_Tree.uasset
	deleted:    Content/FlyingBP/Meshes/SM_UFO_Hub.uasset
	deleted:    Content/FlyingBP/Meshes/SM_UFO_Main.uasset
	deleted:    Content/FlyingBP/Meshes/SM_Wood_Fence.uasset
	deleted:    Content/FlyingBP/Meshes/UFO.uasset
	deleted:    Content/FlyingBP/Textures/T_Space.uasset
	deleted:    Content/FlyingBP/Textures/T_Toy_Cow_M.uasset
	deleted:    Content/FlyingBP/Textures/T_Toy_Cow_N.uasset
	deleted:    Content/FlyingBP/Textures/T_UFO_02_M.uasset
	deleted:    Content/FlyingBP/Textures/T_UFO_M.uasset
	deleted:    Content/StarterContent/Blueprints/BP_LightStudio.uasset
	deleted:    Content/StarterContent/Blueprints/Blueprint_CeilingLight.uasset
	deleted:    Content/StarterContent/Blueprints/Blueprint_Effect_Explosion.uasset
	deleted:    Content/StarterContent/Blueprints/Blueprint_Effect_Fire.uasset
	deleted:    Content/StarterContent/Blueprints/Blueprint_Effect_Smoke.uasset
	deleted:    Content/StarterContent/Blueprints/Blueprint_Effect_Sparks.uasset
	deleted:    Content/StarterContent/Blueprints/Blueprint_Effect_Steam.uasset
	deleted:    Content/StarterContent/Blueprints/Blueprint_WallSconce.uasset

Changes not staged for commit:
  (use "git add/rm <file>..." to update what will be committed)
  (use "git checkout -- <file>..." to discard changes in working directory)

	modified:   Config/DefaultInput.ini
	modified:   Content/FlyingBP/Blueprints/BP_Obstacle.uasset
	modified:   Content/FlyingBP/Blueprints/BP_Trench_Tile.uasset
	modified:   Content/FlyingBP/Blueprints/XWing.uasset
	modified:   Content/FlyingBP/Maps/EndlessFlight.umap
	modified:   Content/StarterContent/Architecture/Floor_400x400.uasset
	modified:   Content/StarterContent/Architecture/Pillar_50x500.uasset
	modified:   Content/StarterContent/Architecture/SM_AssetPlatform.uasset
	modified:   Content/StarterContent/Architecture/Wall_400x200.uasset
	modified:   Content/StarterContent/Architecture/Wall_400x300.uasset
	modified:   Content/StarterContent/Architecture/Wall_400x400.uasset
	modified:   Content/StarterContent/Architecture/Wall_500x500.uasset
	modified:   Content/StarterContent/Architecture/Wall_Door_400x300.uasset
	modified:   Content/StarterContent/Architecture/Wall_Door_400x400.uasset
	modified:   Content/StarterContent/Architecture/Wall_Window_400x300.uasset
	modified:   Content/StarterContent/Architecture/Wall_Window_400x400.uasset
	modified:   Content/StarterContent/Blueprints/Assets/FogBrightnessLUT.uasset
	modified:   Content/StarterContent/Blueprints/Assets/M_LightStage_Arrows.uasset
	modified:   Content/StarterContent/Blueprints/Assets/M_LightStage_Skybox_Black.uasset
	modified:   Content/StarterContent/Blueprints/Assets/M_LightStage_Skybox_HDRI.uasset
	modified:   Content/StarterContent/Blueprints/Assets/M_LightStage_Skybox_Master.uasset
	modified:   Content/StarterContent/Blueprints/Assets/SM_Arrows.uasset
	modified:   Content/StarterContent/Blueprints/Assets/Skybox.uasset
	modified:   Content/StarterContent/Blueprints/Assets/SunlightColorLUT.uasset
	modified:   Content/StarterContent/Shapes/Shape_Cone.uasset
	modified:   Content/StarterContent/Shapes/Shape_Cube.uasset
	modified:   Content/StarterContent/Shapes/Shape_Cylinder.uasset
	modified:   Content/StarterContent/Shapes/Shape_NarrowCapsule.uasset
	modified:   Content/StarterContent/Shapes/Shape_Pipe.uasset
	modified:   Content/StarterContent/Shapes/Shape_Pipe_180.uasset
	modified:   Content/StarterContent/Shapes/Shape_Pipe_90.uasset
	modified:   Content/StarterContent/Shapes/Shape_Plane.uasset
	modified:   Content/StarterContent/Shapes/Shape_QuadPyramid.uasset
	modified:   Content/StarterContent/Shapes/Shape_Sphere.uasset
	modified:   Content/StarterContent/Shapes/Shape_Torus.uasset
	modified:   Content/StarterContent/Shapes/Shape_TriPyramid.uasset
	modified:   Content/StarterContent/Shapes/Shape_Trim.uasset
	modified:   Content/StarterContent/Shapes/Shape_Trim_90_In.uasset
	modified:   Content/StarterContent/Shapes/Shape_Trim_90_Out.uasset
	modified:   Content/StarterContent/Shapes/Shape_Tube.uasset
	modified:   Content/StarterContent/Shapes/Shape_Wedge_A.uasset
	modified:   Content/StarterContent/Shapes/Shape_Wedge_B.uasset
	modified:   Content/StarterContent/Shapes/Shape_WideCapsule.uasset
	modified:   Intermediate/CachedAssetRegistry.bin
	modified:   Intermediate/Config/CoalescedSourceConfigs/Input.ini
	modified:   Saved/AutoScreenshot.png
	modified:   Saved/Autosaves/Game/FlyingBP/Blueprints/BP_Trench_Tile_Auto1.uasset
	modified:   Saved/Autosaves/Game/FlyingBP/Blueprints/BP_Trench_Tile_Auto2.uasset
	modified:   Saved/Autosaves/Game/FlyingBP/Blueprints/BP_Trench_Tile_Auto3.uasset
	modified:   Saved/Autosaves/Game/FlyingBP/Blueprints/BP_Trench_Tile_Auto9.uasset
	modified:   Saved/Autosaves/Game/FlyingBP/Blueprints/XWing_Auto1.uasset
	modified:   Saved/Autosaves/Game/FlyingBP/Blueprints/XWing_Auto3.uasset
	modified:   Saved/Autosaves/Game/FlyingBP/Blueprints/XWing_Auto4.uasset
	modified:   Saved/Autosaves/Game/FlyingBP/Blueprints/XWing_Auto5.uasset
	modified:   Saved/Autosaves/Game/FlyingBP/Blueprints/XWing_Auto6.uasset
	modified:   Saved/Autosaves/Game/FlyingBP/Blueprints/XWing_Auto7.uasset
	modified:   Saved/Autosaves/Game/FlyingBP/Blueprints/XWing_Auto8.uasset
	modified:   Saved/Autosaves/Game/FlyingBP/Blueprints/XWing_Auto9.uasset
	modified:   Saved/Autosaves/Game/FlyingBP/Maps/EndlessFlight_Auto1.umap
	deleted:    Saved/Backup/FlyingExampleMap_2015-04-03-21-14-48.umap
	deleted:    Saved/Backup/FlyingGameMode_2015-04-03-21-13-00.uasset
	deleted:    Saved/Backup/FlyingPawn_2015-04-03-20-54-19.uasset
	modified:   Saved/Config/Windows/EditorUserSettings.ini
	modified:   Saved/Config/Windows/Engine.ini
	modified:   Saved/Config/Windows/SourceControlSettings.ini
	modified:   Saved/Logs/EndlessFlyer.log

Untracked files:
  (use "git add <file>..." to include in what will be committed)

	Plugins/
	Saved/Autosaves/Game/FlyingBP/Blueprints/BP_Obstacle_Auto3.uasset
	Saved/Autosaves/Game/FlyingBP/Blueprints/BP_Obstacle_Auto4.uasset
	Saved/Autosaves/Game/FlyingBP/Blueprints/BP_Obstacle_Auto5.uasset
	Saved/Autosaves/Game/FlyingBP/Blueprints/BP_Obstacle_Auto8.uasset
	Saved/Autosaves/Game/FlyingBP/Blueprints/BP_Obstacle_Auto9.uasset
	Saved/Autosaves/Game/FlyingBP/Blueprints/BP_Trench_Tile_Auto4.uasset
	Saved/Autosaves/Game/FlyingBP/Blueprints/BP_Trench_Tile_Auto5.uasset
	Saved/Autosaves/Game/FlyingBP/Blueprints/BP_Trench_Tile_Auto6.uasset
	Saved/Autosaves/Game/FlyingBP/Blueprints/BP_Trench_Tile_Auto7.uasset
	Saved/Autosaves/Game/FlyingBP/Blueprints/BP_Trench_Tile_Auto8.uasset
	Saved/Autosaves/Game/FlyingBP/Blueprints/XWing_Auto0.uasset
	Saved/Autosaves/Game/FlyingBP/Maps/EndlessFlight_Auto0.umap
	Saved/Autosaves/Game/FlyingBP/Maps/EndlessFlight_Auto2.umap
	Saved/Autosaves/Game/FlyingBP/Maps/EndlessFlight_Auto4.umap
	Saved/Autosaves/Game/FlyingBP/Maps/EndlessFlight_Auto5.umap
	Saved/Autosaves/Game/FlyingBP/Maps/EndlessFlight_Auto7.umap
	Saved/Autosaves/Game/FlyingBP/Maps/EndlessFlight_Auto8.umap
	Saved/Autosaves/Game/FlyingBP/Maps/EndlessFlight_Auto9.umap
	Saved/Autosaves/Game/FlyingBP/Maps/UEDPCEndlessFlight.umap
	Saved/Autosaves/Game/StarterContent/Architecture/
	Saved/Autosaves/Game/StarterContent/Blueprints/
	Saved/Autosaves/Game/StarterContent/Shapes/
	Saved/Backup/BP_Obstacle_2015-04-07-10-32-25.uasset
	Saved/Backup/BP_Obstacle_2015-04-07-10-42-25.uasset
	Saved/Backup/BP_Obstacle_2015-04-07-10-52-44.uasset
	Saved/Backup/BP_Obstacle_2015-04-07-11-04-49.uasset
	Saved/Backup/BP_Obstacle_2015-04-07-11-32-58.uasset
	Saved/Backup/BP_Obstacle_2015-04-07-11-38-57.uasset
	Saved/Backup/BP_Obstacle_2015-04-07-11-50-35.uasset
	Saved/Backup/BP_Trench_Tile_2015-04-07-10-29-39.uasset
	Saved/Backup/BP_Trench_Tile_2015-04-07-10-42-26.uasset
	Saved/Backup/BP_Trench_Tile_2015-04-07-10-52-45.uasset
	Saved/Backup/BP_Trench_Tile_2015-04-07-11-04-51.uasset
	Saved/Backup/BP_Trench_Tile_2015-04-07-11-14-53.uasset
	Saved/Backup/BP_Trench_Tile_2015-04-07-11-26-46.uasset
	Saved/Backup/BP_Trench_Tile_2015-04-07-11-38-59.uasset
	Saved/Backup/BP_Trench_Tile_2015-04-07-11-50-37.uasset
	Saved/Backup/BP_Trench_Tile_2015-04-07-12-30-42.uasset
	Saved/Backup/EndlessFlight_2015-04-07-10-07-06.umap
	Saved/Backup/EndlessFlight_2015-04-07-10-29-39.umap
	Saved/Backup/EndlessFlight_2015-04-07-10-52-44.umap
	Saved/Backup/EndlessFlight_2015-04-07-11-04-49.umap
	Saved/Backup/EndlessFlight_2015-04-07-11-26-45.umap
	Saved/Backup/EndlessFlight_2015-04-07-11-38-57.umap
	Saved/Backup/EndlessFlight_2015-04-07-11-50-35.umap
	Saved/Backup/EndlessFlight_2015-04-07-12-14-40.umap
	Saved/Backup/EndlessFlight_2015-04-07-12-30-40.umap
	Saved/Backup/EndlessFlight_2015-04-07-12-40-50.umap
	Saved/Backup/Floor_400x400_2015-04-07-12-30-42.uasset
	Saved/Backup/FogBrightnessLUT_2015-04-07-12-30-48.uasset
	Saved/Backup/M_LightStage_Arrows_2015-04-07-12-30-49.uasset
	Saved/Backup/M_LightStage_Skybox_Black_2015-04-07-12-30-49.uasset
	Saved/Backup/M_LightStage_Skybox_HDRI_2015-04-07-12-30-49.uasset
	Saved/Backup/M_LightStage_Skybox_Master_2015-04-07-12-30-49.uasset
	Saved/Backup/Pillar_50x500_2015-04-07-12-30-41.uasset
	Saved/Backup/SM_Arrows_2015-04-07-12-30-50.uasset
	Saved/Backup/SM_AssetPlatform_2015-04-07-12-30-43.uasset
	Saved/Backup/Shape_Cone_2015-04-07-12-30-47.uasset
	Saved/Backup/Shape_Cube_2015-04-07-12-30-48.uasset
	Saved/Backup/Shape_Cylinder_2015-04-07-12-30-41.uasset
	Saved/Backup/Shape_NarrowCapsule_2015-04-07-12-30-43.uasset
	Saved/Backup/Shape_Pipe_180_2015-04-07-12-30-44.uasset
	Saved/Backup/Shape_Pipe_2015-04-07-12-30-44.uasset
	Saved/Backup/Shape_Pipe_90_2015-04-07-12-30-43.uasset
	Saved/Backup/Shape_Plane_2015-04-07-12-30-43.uasset
	Saved/Backup/Shape_QuadPyramid_2015-04-07-12-30-45.uasset
	Saved/Backup/Shape_Sphere_2015-04-07-12-30-45.uasset
	Saved/Backup/Shape_Torus_2015-04-07-12-30-46.uasset
	Saved/Backup/Shape_TriPyramid_2015-04-07-12-30-47.uasset
	Saved/Backup/Shape_Trim_2015-04-07-12-30-46.uasset
	Saved/Backup/Shape_Trim_90_In_2015-04-07-12-30-46.uasset
	Saved/Backup/Shape_Trim_90_Out_2015-04-07-12-30-47.uasset
	Saved/Backup/Shape_Tube_2015-04-07-12-30-47.uasset
	Saved/Backup/Shape_Wedge_A_2015-04-07-12-30-47.uasset
	Saved/Backup/Shape_Wedge_B_2015-04-07-12-30-48.uasset
	Saved/Backup/Shape_WideCapsule_2015-04-07-12-30-48.uasset
	Saved/Backup/Skybox_2015-04-07-12-30-49.uasset
	Saved/Backup/SunlightColorLUT_2015-04-07-12-30-48.uasset
	Saved/Backup/Wall_400x200_2015-04-07-12-30-44.uasset
	Saved/Backup/Wall_400x300_2015-04-07-12-30-44.uasset
	Saved/Backup/Wall_400x400_2015-04-07-12-30-44.uasset
	Saved/Backup/Wall_500x500_2015-04-07-12-30-45.uasset
	Saved/Backup/Wall_Door_400x300_2015-04-07-12-30-45.uasset
	Saved/Backup/Wall_Door_400x400_2015-04-07-12-30-45.uasset
	Saved/Backup/Wall_Window_400x300_2015-04-07-12-30-46.uasset
	Saved/Backup/Wall_Window_400x400_2015-04-07-12-30-46.uasset
	Saved/Backup/XWing_2015-04-07-10-07-06.uasset
	Saved/Backup/XWing_2015-04-07-10-23-20.uasset
	Saved/Backup/XWing_2015-04-07-10-32-25.uasset
	Saved/Backup/XWing_2015-04-07-10-42-25.uasset
	Saved/Backup/XWing_2015-04-07-10-52-44.uasset
	Saved/Backup/XWing_2015-04-07-11-04-50.uasset
	Saved/Backup/XWing_2015-04-07-11-14-52.uasset
	Saved/Backup/XWing_2015-04-07-11-26-45.uasset
	Saved/Backup/XWing_2015-04-07-11-38-58.uasset
	Saved/Backup/XWing_2015-04-07-11-50-36.uasset
	Saved/Backup/XWing_2015-04-07-12-14-40.uasset
	Saved/Backup/XWing_2015-04-07-12-30-41.uasset
	Saved/Logs/EndlessFlyer-backup-2015.04.07-09.43.19.log
	Saved/Logs/EndlessFlyer-backup-2015.04.07-12.54.26.log
	Saved/Logs/EndlessFlyer-backup-2015.04.07-13.03.18.log
	Saved/Logs/EndlessFlyer_2.log

'
[2015.04.07-18.03.49:157][  0]LogSourceControl: RunCommandInternalRaw: 'git symbolic-ref --short HEAD'
[2015.04.07-18.03.49:158][  0]LogContentBrowser: Native class hierarchy updated for 'SceneOutliner' in 0.0074 seconds. Added 1 classes and 2 folders.
[2015.04.07-18.03.49:461][  0]LogSourceControl: RunCommandInternalRaw: ExecProcess ReturnCode=0 OutResults='master
'
[2015.04.07-18.03.49:461][  0]LogCrashTracker: Crashtracker disabled due to settings.
[2015.04.07-18.03.49:473][  0]LogSlate:Warning: Failed to load font data from 'Veranda'
[2015.04.07-18.03.49:493][  0]LogUObjectGlobals:Warning: Failed to find object 'Class None.'
[2015.04.07-18.03.49:555][  0]LogLoad: Full Startup: 33.99 seconds (BP compile: 0.00 seconds)
[2015.04.07-18.03.50:117][  0]LogContentBrowser:Verbose: The content browser source was changed by the sources view to '/Game/FlyingBP'
[2015.04.07-18.03.50:279][  0]SourceControl: Info master
[2015.04.07-18.03.50:710][  0]LogRenderer:Warning: Reallocating scene render targets to support 856x376 (Frame:2).
[2015.04.07-18.03.52:867][ 16]LogAssetRegistry: Asset discovery search completed in 11.3661 seconds
[2015.04.07-18.03.55:818][326]LogSourceControl: RunCommandInternalRaw: 'git status --porcelain --ignored "C:/Users/Alejandro/Documents/Game Making/Unreal/EndlessFlyer/Content/FlyingBP/FlyingOverview.uasset"'
[2015.04.07-18.03.55:863][330]LogSourceControl: RunCommandInternalRaw: ExecProcess ReturnCode=0 OutResults=''
[2015.04.07-18.04.03:786][114]LogContentBrowser:Verbose: The content browser source was changed by the sources view to '/Game/FlyingBP/Maps'
[2015.04.07-18.04.04:810][203]LogSourceControl: RunCommandInternalRaw: 'git status --porcelain --ignored "C:/Users/Alejandro/Documents/Game Making/Unreal/EndlessFlyer/Content/FlyingBP/Maps/EndlessFlight.umap"'
[2015.04.07-18.04.04:906][210]LogSourceControl: RunCommandInternalRaw: ExecProcess ReturnCode=0 OutResults=' M Content/FlyingBP/Maps/EndlessFlight.umap
'
[2015.04.07-18.04.08:619][220]LeapPluginLog: LeapController::CleanupEventData Delete Called
[2015.04.07-18.04.08:652][220]LeapPluginLog: LeapController::CleanupEventData Delete Called
[2015.04.07-18.04.08:699][220]Cmd: MAP LOAD FILE="../../../../../../../Users/Alejandro/Documents/Game Making/Unreal/EndlessFlyer/Content/FlyingBP/Maps/EndlessFlight.umap" TEMPLATE=0 SHOWPROGRESS=1 FEATURELEVEL=3
[2015.04.07-18.04.08:699][220]LightingResults: New page: Lighting Build
[2015.04.07-18.04.08:727][220]LogContentBrowser: Native class hierarchy updated for 'StatsViewer' in 0.0056 seconds. Added 5 classes and 0 folders.
[2015.04.07-18.04.08:790][220]LoadErrors: New page: Loading map: EndlessFlight.umap
[2015.04.07-18.04.08:790][220]MapCheck: New page: Map Check
[2015.04.07-18.04.08:790][220]LightingResults: New page: Lighting Build
[2015.04.07-18.04.08:823][220]LogParticles: Destroying 0 GPU particle simulations for FXSystem 0x0000002395C72480
[2015.04.07-18.04.08:897][220]LogEditorServer: Finished looking for orphan Actors (0.000 secs)
[2015.04.07-18.04.08:900][220]LogAIModule: Creating AISystem for world EndlessFlight
[2015.04.07-18.04.08:960][220]Cmd: MAP CHECKDEP
[2015.04.07-18.04.08:960][220]MapCheck: New page: EndlessFlight - Apr 7, 2015, 8:04:08 AM
[2015.04.07-18.04.09:150][220]MapCheck: Info Map check complete: 0 Error(s), 0 Warning(s), took 190.358ms to complete.
[2015.04.07-18.04.09:152][220]LogFileHelpers: Loading map 'EndlessFlight' took 0.456
[2015.04.07-18.04.10:230][297]LogSourceControl: RunCommandInternalRaw: 'git status --porcelain --ignored "C:/Users/Alejandro/Documents/Game Making/Unreal/EndlessFlyer/Content/FlyingBP/Maps/EndlessFlight.umap"'
[2015.04.07-18.04.10:290][302]LogSourceControl: RunCommandInternalRaw: ExecProcess ReturnCode=0 OutResults=' M Content/FlyingBP/Maps/EndlessFlight.umap
'
[2015.04.07-18.07.24:534][477]LogContentBrowser:Verbose: The content browser source was changed by the sources view to '/Game/FlyingBP/Effects'
[2015.04.07-18.07.25:548][574]LogSourceControl: RunCommandInternalRaw: 'git status --porcelain --ignored "C:/Users/Alejandro/Documents/Game Making/Unreal/EndlessFlyer/Content/FlyingBP/Effects/P_Metal_Impact.uasset" "C:/Users/Alejandro/Documents/Game Making/Unreal/EndlessFlyer/Content/FlyingBP/Effects/P_UFO_Engine.uasset" "C:/Users/Alejandro/Documents/Game Making/Unreal/EndlessFlyer/Content/FlyingBP/Effects/P_UFO_Engine_Boost.uasset"'
[2015.04.07-18.07.25:592][578]LogSourceControl: RunCommandInternalRaw: ExecProcess ReturnCode=0 OutResults='D  Content/FlyingBP/Effects/P_Metal_Impact.uasset
D  Content/FlyingBP/Effects/P_UFO_Engine.uasset
D  Content/FlyingBP/Effects/P_UFO_Engine_Boost.uasset
?? Content/FlyingBP/Effects/P_Metal_Impact.uasset
?? Content/FlyingBP/Effects/P_UFO_Engine.uasset
?? Content/FlyingBP/Effects/P_UFO_Engine_Boost.uasset
'
[2015.04.07-18.07.31:648][141]LogContentBrowser:Verbose: The content browser source was changed by the sources view to '/Game/FlyingBP/Materials'
[2015.04.07-18.07.32:662][235]LogSourceControl: RunCommandInternalRaw: 'git status --porcelain --ignored "C:/Users/Alejandro/Documents/Game Making/Unreal/EndlessFlyer/Content/FlyingBP/Materials/M_Abduction_Beam.uasset" "C:/Users/Alejandro/Documents/Game Making/Unreal/EndlessFlyer/Content/FlyingBP/Materials/M_Particle_Ribbon.uasset" "C:/Users/Alejandro/Documents/Game Making/Unreal/EndlessFlyer/Content/FlyingBP/Materials/M_Radial_Gradient.uasset" "C:/Users/Alejandro/Documents/Game Making/Unreal/EndlessFlyer/Content/FlyingBP/Materials/M_UFO_Main.uasset" "C:/Users/Alejandro/Documents/Game Making/Unreal/EndlessFlyer/Content/FlyingBP/Materials/M_UFO_Main_Inst.uasset" "C:/Users/Alejandro/Documents/Game Making/Unreal/EndlessFlyer/Content/FlyingBP/Materials/PM_UFO.uasset"'
[2015.04.07-18.07.32:698][238]LogSourceControl: RunCommandInternalRaw: ExecProcess ReturnCode=0 OutResults='D  Content/FlyingBP/Materials/M_Abduction_Beam.uasset
D  Content/FlyingBP/Materials/M_Particle_Ribbon.uasset
D  Content/FlyingBP/Materials/M_Radial_Gradient.uasset
D  Content/FlyingBP/Materials/M_UFO_Main.uasset
D  Content/FlyingBP/Materials/M_UFO_Main_Inst.uasset
D  Content/FlyingBP/Materials/PM_UFO.uasset
?? Content/FlyingBP/Materials/M_Abduction_Beam.uasset
?? Content/FlyingBP/Materials/M_Particle_Ribbon.uasset
?? Content/FlyingBP/Materials/M_Radial_Gradient.uasset
?? Content/FlyingBP/Materials/M_UFO_Main.uasset
?? Content/FlyingBP/Materials/M_UFO_Main_Inst.uasset
?? Content/FlyingBP/Materials/PM_UFO.uasset
'
[2015.04.07-18.07.34:094][371]LogContentBrowser:Verbose: The content browser source was changed by the sources view to '/Game/FlyingBP/Meshes'
[2015.04.07-18.07.35:438][507]LogContentBrowser:Verbose: The content browser source was changed by the sources view to '/Game/GTFreeMaterials'
[2015.04.07-18.07.35:804][542]LogContentBrowser:Verbose: The content browser source was changed by the sources view to '/Game/StarterContent'
[2015.04.07-18.07.36:536][612]LogContentBrowser:Verbose: The content browser source was changed by the sources view to '/Game/GTFreeMaterials'
[2015.04.07-18.07.37:562][709]LogSourceControl: RunCommandInternalRaw: 'git status --porcelain --ignored "C:/Users/Alejandro/Documents/Game Making/Unreal/EndlessFlyer/Content/GTFreeMaterials/Showcase.umap"'
[2015.04.07-18.07.37:618][713]LogSourceControl: RunCommandInternalRaw: ExecProcess ReturnCode=0 OutResults=''
[2015.04.07-18.07.41:176][834]LogMaterial: Missing cached shader map for material Metal_Gold, compiling. 
[2015.04.07-18.07.41:233][834]LogMaterial: Missing cached shader map for material Metal_LeadRough, compiling. 
[2015.04.07-18.07.42:213][834]LogTexture:Display: Building textures: Metal_sciFiCurveyWall_2k_s (AutoDXT)
[2015.04.07-18.07.51:955][834]LogTexture:Display: Building textures: Metal_sciFiCurveyWall_2k_n (BC5)
[2015.04.07-18.07.54:086][834]LogTexture:Display: Building textures: Metal_sciFiCurveyWall_2k_ao (AutoDXT)
[2015.04.07-18.07.57:822][834]LogTexture:Display: Building textures: Metal_sciFiCurveyWall_2k_g (AutoDXT)
[2015.04.07-18.08.07:131][834]LogTexture:Display: Building textures: Metal_sciFiCurveyWall_2k_mask (AutoDXT)
[2015.04.07-18.08.08:137][834]LogMaterial: Missing cached shader