Log file open, 04/07/15 12:32:34
LogInit:Display: Running engine for game: EndlessFlyer
LogInit: Version: 4.7.4-2497108+++depot+UE4-Releases+4.7
LogInit: API Version: 2455222
LogInit: Compiled (64-bit): Mar 31 2015 09:40:25
LogInit: Compiled with Visual C++: 18.00.21005.01
LogInit: Build Configuration: Development
LogInit: Branch Name: ++depot+UE4-Releases+4.7
LogInit: Command line:  /Temp/Autosaves/Game/FlyingBP/Maps/UEDPCEndlessFlight -game -PIEVIACONSOLE -ResX=1280 -ResY=720  -Multiprocess 
LogInit: Base directory: C:/Program Files/EpicGames/Epic Games/4.7/Engine/Binaries/Win64/
LogInit: Rocket: 1
[2015.04.07-17.32.34:366][  0]LogTaskGraph: Started task graph with 3 named threads and 4 total threads.
[2015.04.07-17.32.34:420][  0]LogOnline:Warning: No default platform service specified for OnlineSubsystem
[2015.04.07-17.32.34:462][  0]LogInit: Presizing for 0 objects not considered by GC, pre-allocating 0 bytes.
[2015.04.07-17.32.34:497][  0]LogInit: Object subsystem initialized
[2015.04.07-17.32.34:503][  0]LogConsoleResponse:Warning: Skipping Unknown console variable: 'TranslucentSortAxis = (X=0.000000,Y=-1.000000,Z=0.000000)'
[2015.04.07-17.32.34:503][  0]LogConsoleResponse:Warning:   Found in ini file 'C:/Users/Alejandro/Documents/Game Making/Unreal/EndlessFlyer/Saved/Config/Windows/Engine.ini', in section '[/Script/Engine.RendererSettings]'
[2015.04.07-17.32.34:504][  0]LogConsoleResponse:Warning: Skipping Unknown console variable: 'UIScaleRule = ShortestSide'
[2015.04.07-17.32.34:504][  0]LogConsoleResponse:Warning:   Found in ini file 'C:/Users/Alejandro/Documents/Game Making/Unreal/EndlessFlyer/Saved/Config/Windows/Engine.ini', in section '[/Script/Engine.RendererSettings]'
[2015.04.07-17.32.34:504][  0]LogConsoleResponse:Warning: Skipping Unknown console variable: 'UIScaleCurve = (EditorCurveData=(Keys=),ExternalCurve=None)'
[2015.04.07-17.32.34:504][  0]LogConsoleResponse:Warning:   Found in ini file 'C:/Users/Alejandro/Documents/Game Making/Unreal/EndlessFlyer/Saved/Config/Windows/Engine.ini', in section '[/Script/Engine.RendererSettings]'
[2015.04.07-17.32.34:505][  0]LogInit: Selected Device Profile: [Windows]
[2015.04.07-17.32.34:505][  0]LogInit: Applying CVar settings loaded from the selected device profile: [Windows]
[2015.04.07-17.32.34:532][  0]LogInit: Computer: WHEATLEY
[2015.04.07-17.32.34:532][  0]LogInit: User: Alejandro
[2015.04.07-17.32.34:532][  0]LogInit: CPU Page size=4096, Cores=2
[2015.04.07-17.32.34:532][  0]LogInit: High frequency timer resolution =2.338337 MHz
[2015.04.07-17.32.34:532][  0]LogMemory: Memory total: Physical=5.9GB (6GB approx) Virtual=131072.0GB
[2015.04.07-17.32.34:533][  0]LogMemory: Platform Memory Stats for Windows
[2015.04.07-17.32.34:533][  0]LogMemory: Process Physical Memory: 46.18 MB used, 46.18 MB peak
[2015.04.07-17.32.34:533][  0]LogMemory: Process Virtual Memory: 22.39 MB used, 22.39 MB peak
[2015.04.07-17.32.34:533][  0]LogMemory: Physical Memory: 4533.54 MB used, 6045.10 MB total
[2015.04.07-17.32.34:533][  0]LogMemory: Virtual Memory: 284.41 MB used, 134217728.00 MB total
[2015.04.07-17.32.34:913][  0]LogD3D11RHI: Found D3D11 adapter 0: Intel(R) HD Graphics Family (Feature Level 11_0)
[2015.04.07-17.32.34:913][  0]LogD3D11RHI: Adapter has 0MB of dedicated video memory, 0MB of dedicated system memory, and 1792MB of shared system memory, 1 output[s]
[2015.04.07-17.32.34:950][  0]LogD3D11RHI: Found D3D11 adapter 1: NVIDIA GeForce GT 720M    (Feature Level 11_0)
[2015.04.07-17.32.34:950][  0]LogD3D11RHI: Adapter has 1994MB of dedicated video memory, 0MB of dedicated system memory, and 2047MB of shared system memory, 0 output[s]
[2015.04.07-17.32.35:004][  0]LogD3D11RHI: Found D3D11 adapter 2: Microsoft Basic Render Driver (Feature Level 11_0)
[2015.04.07-17.32.35:004][  0]LogD3D11RHI: Adapter has 0MB of dedicated video memory, 0MB of dedicated system memory, and 256MB of shared system memory, 0 output[s]
[2015.04.07-17.32.35:004][  0]LogD3D11RHI: Chosen D3D11 Adapter Id = 0
[2015.04.07-17.32.35:018][  0]LogRHI: Texture pool is 1361 MB (70% of 1945 MB)
[2015.04.07-17.32.35:047][  0]LogD3D11RHI: Async texture creation enabled
[2015.04.07-17.32.35:248][  0]LogTextLocalizationManager: The requested culture ('en') has no localization data; parent culture's ('es') localization data will be used.
[2015.04.07-17.32.35:448][  0]LogTextLocalizationManager:Warning: Loading localization resources contain conflicting entries for (Namespace:UICommands, Key:Save_ToolTip):
Resource: (C:/Program Files/EpicGames/Epic Games/4.7/Engine/Content/Localization/Editor/en/Editor.locres) Hash: (-29098895) String: (Saves the current level to disk)
Resource: (C:/Program Files/EpicGames/Epic Games/4.7/Engine/Content/Localization/Engine/en/Engine.locres) Hash: (-1280300587) String: (Save selected data to vlog file)
[2015.04.07-17.32.35:448][  0]LogTextLocalizationManager:Warning: Loading localization resources contain conflicting entries for (Namespace:ContentBrowser, Key:ImportAssetToolTip):
Resource: (C:/Program Files/EpicGames/Epic Games/4.7/Engine/Content/Localization/Editor/en/Editor.locres) Hash: (-630476809) String: (Import to {0}...)
Resource: (C:/Program Files/EpicGames/Epic Games/4.7/Engine/Content/Localization/Editor/en/Editor.locres) Hash: (1271782899) String: (Imports an asset from file to this folder.)
[2015.04.07-17.32.35:653][  0]LogContentStreaming: Texture pool size is 400.000000MB
[2015.04.07-17.32.43:243][  0]LogTargetPlatformManager:Display: Building Assets For Windows
[2015.04.07-17.32.44:791][  0]LogTargetPlatformManager:Display: Building Assets For Windows
[2015.04.07-17.32.44:923][  0]LogDerivedDataCache:Display: Max Cache Size: 512 MB
[2015.04.07-17.32.45:636][  0]LogDerivedDataCache: Loaded boot cache 0.69s 39MB C:/Users/Alejandro/AppData/Local/UnrealEngine/4.7/DerivedDataCache/Boot.ddc.
[2015.04.07-17.32.45:636][  0]LogDerivedDataCache:Display: Loaded Boot cache: C:/Users/Alejandro/AppData/Local/UnrealEngine/4.7/DerivedDataCache/Boot.ddc
[2015.04.07-17.32.45:636][  0]LogDerivedDataCache: FDerivedDataBackendGraph:  Pak pak cache file ../../../../../../../Users/Alejandro/Documents/Game Making/Unreal/EndlessFlyer/DerivedDataCache/DDC.ddp not found, will not use a pak cache.
[2015.04.07-17.32.45:636][  0]LogDerivedDataCache: Unable to find inner node Pak for hierarchical cache Hierarchy.
[2015.04.07-17.32.45:834][  0]LogDerivedDataCache:Display: Pak cache opened for reading ../../../Engine/DerivedDataCache/Compressed.ddp.
[2015.04.07-17.32.45:866][  0]LogDerivedDataCache: Using Local data cache path C:/Users/Alejandro/AppData/Local/UnrealEngine/Common/DerivedDataCache: Writable
[2015.04.07-17.32.52:765][  0]LogMeshUtilities: No automatic mesh reduction module available
[2015.04.07-17.32.52:765][  0]LogMeshUtilities: No automatic mesh merging module available
[2015.04.07-17.32.54:252][  0]LogInit: WinSock: version 1.1 (2.2), MaxSocks=32767, MaxUdp=65467
[2015.04.07-17.32.58:248][  0]LogWindowsMoviePlayer: Unable to load movie: ../../../../../../../Users/Alejandro/Documents/Game Making/Unreal/EndlessFlyer/Content/Movies/Default_Startup.mp4
[2015.04.07-17.32.59:323][  0]LogSourceControl: RunCommandInternalRaw: 'git version'
[2015.04.07-17.32.59:324][  0]LogSourceControl: RunCommandInternalRaw: ExecProcess ReturnCode=2 OutResults=''
[2015.04.07-17.32.59:413][  0]LogSourceControl: RunCommandInternalRaw: 'git version'
[2015.04.07-17.32.59:427][  0]LogSourceControl: RunCommandInternalRaw: ExecProcess ReturnCode=0 OutResults='git version 1.9.5.msysgit.1
'
[2015.04.07-17.32.59:427][  0]LogSourceControl: RunCommandInternalRaw: 'git version'
[2015.04.07-17.32.59:442][  0]LogSourceControl: RunCommandInternalRaw: ExecProcess ReturnCode=0 OutResults='git version 1.9.5.msysgit.1
'
[2015.04.07-17.32.59:442][  0]LogSourceControl: RunCommandInternalRaw: 'git version'
[2015.04.07-17.32.59:456][  0]LogSourceControl: RunCommandInternalRaw: ExecProcess ReturnCode=0 OutResults='git version 1.9.5.msysgit.1
'
[2015.04.07-17.32.59:469][  0]LogSourceControl: RunCommandInternalRaw: 'git version'
[2015.04.07-17.32.59:483][  0]LogSourceControl: RunCommandInternalRaw: ExecProcess ReturnCode=0 OutResults='git version 1.9.5.msysgit.1
'
[2015.04.07-17.33.00:218][  0]LeapPluginLog: Using LeapPlugin version 0.9.2
[2015.04.07-17.33.00:227][  0]LogObj: 24589 objects as part of root set at end of initial load.
[2015.04.07-17.33.00:227][  0]LogUObjectAllocator: 5088288 out of 0 bytes used by permanent object pool.
[2015.04.07-17.33.01:171][  0]LogAutomationTest:Warning: ERR: Transient text cannot be serialized "Testing Transient serialization detection".
[2015.04.07-17.33.01:205][  0]LogEngine: Initializing Engine...
[2015.04.07-17.33.03:549][  0]LogInit: XAudio2 using 'Altavoces (Realtek High Definition Audio)' : 2 channels at 48 kHz using 32 bits per sample (channel mask 0x3)
[2015.04.07-17.33.03:681][  0]LogInit: FAudioDevice initialized.
[2015.04.07-17.33.03:687][  0]LogInit: Texture streaming: Enabled
[2015.04.07-17.33.03:910][  0]LogAnalytics: Creating configured Analytics provider AnalyticsET
[2015.04.07-17.33.03:910][  0]LogAnalytics: ET APIKey = Rocket.Release. APIServer = http://et2.epicgames.com/ET2/. AppVersion = 4.7.4-2497108+++depot+UE4-Releases+4.7
[2015.04.07-17.33.03:910][  0]LogAnalytics: ET APIKey = Rocket.Release. DataRouterUploadURL = https://datarouter-public-service-gamedev.ol.epicgames.net/datarouter/api/v1/public/data. AppVersion = 4.7.4-2497108+++depot+UE4-Releases+4.7
[2015.04.07-17.33.03:911][  0]LogAnalytics: SetUserId 4d7b92ee4a918ef235694a9553972bff|8bf8f7568e974c7196ce9bba7cc36de4|353ae85b-d1f9-4354-8b4e-d27eb10dd716
[2015.04.07-17.33.03:911][  0]LogAnalytics: AnalyticsET::StartSession [Rocket.Release]
[2015.04.07-17.33.04:046][  0]LogNet: Browse: /Temp/Autosaves/Game/FlyingBP/Maps/UEDPCEndlessFlight?Name=Player
[2015.04.07-17.33.04:046][  0]LogLoad: LoadMap: /Temp/Autosaves/Game/FlyingBP/Maps/UEDPCEndlessFlight?Name=Player
[2015.04.07-17.33.04:078][  0]LogMemory: Platform Memory Stats for Windows
[2015.04.07-17.33.04:078][  0]LogMemory: Process Physical Memory: 273.34 MB used, 285.71 MB peak
[2015.04.07-17.33.04:078][  0]LogMemory: Process Virtual Memory: 212.12 MB used, 230.57 MB peak
[2015.04.07-17.33.04:078][  0]LogMemory: Physical Memory: 4753.25 MB used, 6045.10 MB total
[2015.04.07-17.33.04:078][  0]LogMemory: Virtual Memory: 727.02 MB used, 134217728.00 MB total
[2015.04.07-17.33.04:078][  0]LogMemory: 
[2015.04.07-17.33.04:078][  0]Allocator Stats for TBB: (not implemented)
[2015.04.07-17.33.07:245][  0]LogWorld: Game class is 'FlyingGameMode_C'
[2015.04.07-17.33.07:375][  0]LogAIModule: Creating AISystem for world EndlessFlight
[2015.04.07-17.33.07:378][  0]LogWorld: Bringing World /Temp/Autosaves/Game/FlyingBP/Maps/UEDPCEndlessFlight.EndlessFlight up for play (max tick rate 0) at 2015.04.07-12.33.07
[2015.04.07-17.33.07:378][  0]LogWorld: Bringing up level for play took: 0.002456
[2015.04.07-17.33.07:381][  0]LeapPluginLog: InterfaceObject: XWing_C_0
[2015.04.07-17.33.07:427][  0]LogInit:Display: Game Engine Initialized.
[2015.04.07-17.33.07:742][  0]LogLoad: Full Startup: 37.43 seconds (BP compile: 0.33 seconds)
[2015.04.07-17.33.07:871][  2]LogRenderer:Warning: Reallocating scene render targets to support 640x360 (Frame:2).
[2015.04.07-17.33.21:514][805]LogNet: Browse: /Temp/Autosaves/Game/FlyingBP/Maps/UEDPCEndlessFlight?Name=Player?restart
[2015.04.07-17.33.21:521][805]LogLoad: LoadMap: /Temp/Autosaves/Game/FlyingBP/Maps/UEDPCEndlessFlight?Name=Player
[2015.04.07-17.33.21:522][805]LeapPluginLog: LeapController::CleanupEventData Delete Called
[2015.04.07-17.33.21:552][805]LogParticles: Destroying 0 GPU particle simulations for FXSystem 0x0000000C5EF71080
[2015.04.07-17.33.21:565][805]LeapPluginLog: LeapController::CleanupEventData Delete Called
[2015.04.07-17.33.21:591][805]LeapPluginLog: LeapController::CleanupEventData Delete Called
[2015.04.07-17.33.21:619][805]LeapPluginLog: LeapController::CleanupEventData Delete Called
[2015.04.07-17.33.21:684][805]LogMemory: Platform Memory Stats for Windows
[2015.04.07-17.33.21:684][805]LogMemory: Process Physical Memory: 323.14 MB used, 328.68 MB peak
[2015.04.07-17.33.21:684][805]LogMemory: Process Virtual Memory: 250.47 MB used, 258.48 MB peak
[2015.04.07-17.33.21:684][805]LogMemory: Physical Memory: 4787.93 MB used, 6045.10 MB total
[2015.04.07-17.33.21:684][805]LogMemory: Virtual Memory: 793.27 MB used, 134217728.00 MB total
[2015.04.07-17.33.21:684][805]LogMemory: 
[2015.04.07-17.33.21:684][805]Allocator Stats for TBB: (not implemented)
[2015.04.07-17.33.22:512][805]LogWorld: Game class is 'FlyingGameMode_C'
[2015.04.07-17.33.22:514][805]LogAIModule: Creating AISystem for world EndlessFlight
[2015.04.07-17.33.22:515][805]LogWorld: Bringing World /Temp/Autosaves/Game/FlyingBP/Maps/UEDPCEndlessFlight.EndlessFlight up for play (max tick rate 0) at 2015.04.07-12.33.22
[2015.04.07-17.33.22:516][805]LogWorld: Bringing up level for play took: 0.001314
[2015.04.07-17.33.22:517][805]LeapPluginLog: InterfaceObject: XWing_C_0
[2015.04.07-17.33.36:849][690]LogNet: Browse: /Temp/Autosaves/Game/FlyingBP/Maps/UEDPCEndlessFlight?Name=Player?restart
[2015.04.07-17.33.36:849][690]LogLoad: LoadMap: /Temp/Autosaves/Game/FlyingBP/Maps/UEDPCEndlessFlight?Name=Player
[2015.04.07-17.33.36:850][690]LeapPluginLog: LeapController::CleanupEventData Delete Called
[2015.04.07-17.33.36:889][690]LogParticles: Destroying 0 GPU particle simulations for FXSystem 0x0000000C5C501EE0
[2015.04.07-17.33.36:923][690]LeapPluginLog: LeapController::CleanupEventData Delete Called
[2015.04.07-17.33.36:953][690]LeapPluginLog: LeapController::CleanupEventData Delete Called
[2015.04.07-17.33.36:985][690]LeapPluginLog: LeapController::CleanupEventData Delete Called
[2015.04.07-17.33.37:045][690]LogMemory: Platform Memory Stats for Windows
[2015.04.07-17.33.37:045][690]LogMemory: Process Physical Memory: 326.27 MB used, 344.20 MB peak
[2015.04.07-17.33.37:045][690]LogMemory: Process Virtual Memory: 253.04 MB used, 271.12 MB peak
[2015.04.07-17.33.37:045][690]LogMemory: Physical Memory: 4788.96 MB used, 6045.10 MB total
[2015.04.07-17.33.37:045][690]LogMemory: Virtual Memory: 795.27 MB used, 134217728.00 MB total
[2015.04.07-17.33.37:045][690]LogMemory: 
[2015.04.07-17.33.37:045][690]Allocator Stats for TBB: (not implemented)
[2015.04.07-17.33.38:162][690]LogWorld: Game class is 'FlyingGameMode_C'
[2015.04.07-17.33.38:164][690]LogAIModule: Creating AISystem for world EndlessFlight
[2015.04.07-17.33.38:165][690]LogWorld: Bringing World /Temp/Autosaves/Game/FlyingBP/Maps/UEDPCEndlessFlight.EndlessFlight up for play (max tick rate 0) at 2015.04.07-12.33.38
[2015.04.07-17.33.38:165][690]LogWorld: Bringing up level for play took: 0.001567
[2015.04.07-17.33.38:167][690]LeapPluginLog: InterfaceObject: XWing_C_0
[2015.04.07-17.33.54:552][701]LogNet: Browse: /Temp/Autosaves/Game/FlyingBP/Maps/UEDPCEndlessFlight?Name=Player?restart
[2015.04.07-17.33.54:552][701]LogLoad: LoadMap: /Temp/Autosaves/Game/FlyingBP/Maps/UEDPCEndlessFlight?Name=Player
[2015.04.07-17.33.54:552][701]LeapPluginLog: LeapController::CleanupEventData Delete Called
[2015.04.07-17.33.54:588][701]LogParticles: Destroying 0 GPU particle simulations for FXSystem 0x0000000C5BE92340
[2015.04.07-17.33.54:622][701]LeapPluginLog: LeapController::CleanupEventData Delete Called
[2015.04.07-17.33.54:653][701]LeapPluginLog: LeapController::CleanupEventData Delete Called
[2015.04.07-17.33.54:685][701]LeapPluginLog: LeapController::CleanupEventData Delete Called
[2015.04.07-17.33.54:746][701]LogMemory: Platform Memory Stats for Windows
[2015.04.07-17.33.54:746][701]LogMemory: Process Physical Memory: 326.50 MB used, 345.91 MB peak
[2015.04.07-17.33.54:746][701]LogMemory: Process Virtual Memory: 252.57 MB used, 272.14 MB peak
[2015.04.07-17.33.54:746][701]LogMemory: Physical Memory: 4792.12 MB used, 6045.10 MB total
[2015.04.07-17.33.54:747][701]LogMemory: Virtual Memory: 795.27 MB used, 134217728.00 MB total
[2015.04.07-17.33.54:747][701]LogMemory: 
[2015.04.07-17.33.54:747][701]Allocator Stats for TBB: (not implemented)
[2015.04.07-17.33.55:648][701]LogWorld: Game class is 'FlyingGameMode_C'
[2015.04.07-17.33.55:650][701]LogAIModule: Creating AISystem for world EndlessFlight
[2015.04.07-17.33.55:652][701]LogWorld: Bringing World /Temp/Autosaves/Game/FlyingBP/Maps/UEDPCEndlessFlight.EndlessFlight up for play (max tick rate 0) at 2015.04.07-12.33.55
[2015.04.07-17.33.55:652][701]LogWorld: Bringing up level for play took: 0.001309
[2015.04.07-17.33.55:653][701]LeapPluginLog: InterfaceObject: XWing_C_0
[2015.04.07-17.34.06:186][340]LogNet: Browse: /Temp/Autosaves/Game/FlyingBP/Maps/UEDPCEndlessFlight?Name=Player?restart
[2015.04.07-17.34.06:187][340]LogLoad: LoadMap: /Temp/Autosaves/Game/FlyingBP/Maps/UEDPCEndlessFlight?Name=Player
[2015.04.07-17.34.06:187][340]LeapPluginLog: LeapController::CleanupEventData Delete Called
[2015.04.07-17.34.06:243][340]LogParticles: Destroying 0 GPU particle simulations for FXSystem 0x0000000C6C825620
[2015.04.07-17.34.06:243][340]LeapPluginLog: LeapController::CleanupEventData Delete Called
[2015.04.07-17.34.06:268][340]LeapPluginLog: LeapController::CleanupEventData Delete Called
[2015.04.07-17.34.06:292][340]LeapPluginLog: LeapController::CleanupEventData Delete Called
[2015.04.07-17.34.06:338][340]LogMemory: Platform Memory Stats for Windows
[2015.04.07-17.34.06:338][340]LogMemory: Process Physical Memory: 326.84 MB used, 346.83 MB peak
[2015.04.07-17.34.06:338][340]LogMemory: Process Virtual Memory: 252.63 MB used, 272.92 MB peak
[2015.04.07-17.34.06:338][340]LogMemory: Physical Memory: 4793.40 MB used, 6045.10 MB total
[2015.04.07-17.34.06:338][340]LogMemory: Virtual Memory: 780.81 MB used, 134217728.00 MB total
[2015.04.07-17.34.06:338][340]LogMemory: 
[2015.04.07-17.34.06:338][340]Allocator Stats for TBB: (not implemented)
[2015.04.07-17.34.07:228][340]LogWorld: Game class is 'FlyingGameMode_C'
[2015.04.07-17.34.07:231][340]LogAIModule: Creating AISystem for world EndlessFlight
[2015.04.07-17.34.07:232][340]LogWorld: Bringing World /Temp/Autosaves/Game/FlyingBP/Maps/UEDPCEndlessFlight.EndlessFlight up for play (max tick rate 0) at 2015.04.07-12.34.07
[2015.04.07-17.34.07:233][340]LogWorld: Bringing up level for play took: 0.001435
[2015.04.07-17.34.07:234][340]LeapPluginLog: InterfaceObject: XWing_C_0
[2015.04.07-17.34.11:042][560]LogEngine: All Windows Closed
[2015.04.07-17.34.11:065][560]LogWindows: FPlatformMisc::RequestExit(0)
[2015.04.07-17.34.11:125][561]LeapPluginLog: LeapController::CleanupEventData Delete Called
[2015.04.07-17.34.11:171][561]LogExit: Preparing to exit.
[2015.04.07-17.34.11:460][561]LogExit: Game engine shut down
[2015.04.07-17.34.11:842][561]LogParticles: Destroying 0 GPU particle simulations for FXSystem 0x0000000C6C851B20
[2015.04.07-17.34.11:842][561]LeapPluginLog: LeapController::CleanupEventData Delete Called
[2015.04.07-17.34.11:914][561]LeapPluginLog: LeapController::CleanupEventData Delete Called
[2015.04.07-17.34.11:961][561]LeapPluginLog: LeapController::CleanupEventData Delete Called
[2015.04.07-17.34.11:998][561]LeapPluginLog: LeapController::CleanupEventData Delete Called
[2015.04.07-17.34.12:161][561]LogExit: Object subsystem successfully closed.
[2015.04.07-17.34.12:643][561]LogModuleManager: Shutting down and abandoning module AndroidDeviceDetection (107)
[2015.04.07-17.34.12:817][561]LogModuleManager: Shutting down and abandoning module AutomationWorker (106)
[2015.04.07-17.34.12:817][561]LogModuleManager: Shutting down and abandoning module CharacterAI (105)
[2015.04.07-17.34.12:817][561]LogModuleManager: Shutting down and abandoning module AITestSuite (104)
[2015.04.07-17.34.12:817][561]LogModuleManager: Shutting down and abandoning module GameplayDebugger (103)
[2015.04.07-17.34.12:817][561]LogModuleManager: Shutting down and abandoning module AIModule (102)
[2015.04.07-17.34.12:847][561]LogModuleManager: Shutting down and abandoning module GameLiveStreaming (101)
[2015.04.07-17.34.12:869][561]LogModuleManager: Shutting down and abandoning module StreamingPauseRendering (100)
[2015.04.07-17.34.12:869][561]LogModuleManager: Shutting down and abandoning module HTTP (99)
[2015.04.07-17.34.12:869][561]LogModuleManager: Shutting down and abandoning module AnalyticsET (98)
[2015.04.07-17.34.12:869][561]LogModuleManager: Shutting down and abandoning module Analytics (97)
[2015.04.07-17.34.12:869][561]LogModuleManager: Shutting down and abandoning module ProfilerService (96)
[2015.04.07-17.34.12:892][561]LogModuleManager: Shutting down and abandoning module TaskGraph (95)
[2015.04.07-17.34.12:904][561]LogModuleManager: Shutting down and abandoning module LeapMotion (94)
[2015.04.07-17.34.13:246][561]LogModuleManager: Shutting down and abandoning module SlateRemote (93)
[2015.04.07-17.34.13:279][561]LogModuleManager: Shutting down and abandoning module CustomMeshComponent (92)
[2015.04.07-17.34.13:279][561]LogModuleManager: Shutting down and abandoning module CableComponent (91)
[2015.04.07-17.34.13:289][561]LogModuleManager: Shutting down and abandoning module DesktopPlatform (90)
[2015.04.07-17.34.13:310][561]LogModuleManager: Shutting down and abandoning module DirectoryWatcher (89)
[2015.04.07-17.34.13:310][561]LogModuleManager: Shutting down and abandoning module HotReload (88)
[2015.04.07-17.34.13:310][561]LogModuleManager: Shutting down and abandoning module VisualStudioSourceCodeAccess (87)
[2015.04.07-17.34.13:310][561]LogModuleManager: Shutting down and abandoning module UObjectPlugin (86)
[2015.04.07-17.34.13:310][561]LogModuleManager: Shutting down and abandoning module SubversionSourceControl (85)
[2015.04.07-17.34.13:330][561]LogModuleManager: Shutting down and abandoning module GitSourceControl (84)
[2015.04.07-17.34.13:330][561]LogModuleManager: Shutting down and abandoning module SourceControl (83)
[2015.04.07-17.34.13:330][561]LogModuleManager: Shutting down and abandoning module PerforceSourceControl (82)
[2015.04.07-17.34.13:351][561]LogModuleManager: Shutting down and abandoning module BlankPlugin (81)
[2015.04.07-17.34.13:351][561]LogModuleManager: Shutting down and abandoning module ScriptPlugin (80)
[2015.04.07-17.34.13:370][561]LogModuleManager: Shutting down and abandoning module UdpMessaging (79)
[2015.04.07-17.34.13:370][561]LogModuleManager: Shutting down and abandoning module Paper2D (78)
[2015.04.07-17.34.13:371][561]LogModuleManager: Shutting down and abandoning module WindowsMoviePlayer (77)
[2015.04.07-17.34.13:375][561]LogModuleManager: Shutting down and abandoning module Media (76)
[2015.04.07-17.34.13:375][561]LogModuleManager: Shutting down and abandoning module WmfMedia (75)
[2015.04.07-17.34.13:375][561]LogModuleManager: Shutting down and abandoning module OnlineBlueprintSupport (74)
[2015.04.07-17.34.13:375][561]LogModuleManager: Shutting down and abandoning module PropertyEditor (73)
[2015.04.07-17.34.13:375][561]LogModuleManager: Shutting down and abandoning module BehaviorTreeEditor (72)
[2015.04.07-17.34.13:404][561]LogModuleManager: Shutting down and abandoning module FunctionalTesting (71)
[2015.04.07-17.34.13:404][561]LogModuleManager: Shutting down and abandoning module CollisionAnalyzer (70)
[2015.04.07-17.34.13:427][561]LogModuleManager: Shutting down and abandoning module WorkspaceMenuStructure (69)
[2015.04.07-17.34.13:427][561]LogModuleManager: Shutting down and abandoning module MessageLog (68)
[2015.04.07-17.34.13:427][561]LogModuleManager: Shutting down and abandoning module Sequencer (67)
[2015.04.07-17.34.13:427][561]LogModuleManager: Shutting down and abandoning module AssetTools (66)
[2015.04.07-17.34.13:531][561]LogModuleManager: Shutting down and abandoning module UMGEditor (65)
[2015.04.07-17.34.13:537][561]LogModuleManager: Shutting down and abandoning module UMG (64)
[2015.04.07-17.34.13:537][561]LogModuleManager: Shutting down and abandoning module Slate (63)
[2015.04.07-17.34.13:537][561]LogModuleManager: Shutting down and abandoning module EditorStyle (62)
[2015.04.07-17.34.13:571][561]LogModuleManager: Shutting down and abandoning module SessionServices (61)
[2015.04.07-17.34.13:571][561]LogModuleManager: Shutting down and abandoning module SourceCodeAccess (60)
[2015.04.07-17.34.13:571][561]LogModuleManager: Shutting down and abandoning module HeadMountedDisplay (59)
[2015.04.07-17.34.13:571][561]LogModuleManager: Shutting down and abandoning module XAudio2 (58)
[2015.04.07-17.34.13:571][561]LogModuleManager: Shutting down and abandoning module Networking (56)
[2015.04.07-17.34.13:571][561]LogModuleManager: Shutting down and abandoning module Core (55)
[2015.04.07-17.34.13:571][561]LogModuleManager: Shutting down and abandoning module KismetCompiler (54)
[2015.04.07-17.34.13:571][561]LogModuleManager: Shutting down and abandoning module PhysXFormats (53)
[2015.04.07-17.34.13:571][561]LogModuleManager: Shutting down and abandoning module MeshUtilities (52)
[2015.04.07-17.34.13:614][561]LogModuleManager: Shutting down and abandoning module DerivedDataCache (51)
[2015.04.07-17.34.14:051][561]LogDerivedDataCache: Shutdown
[2015.04.07-17.34.14:051][561]LogModuleManager: Shutting down and abandoning module ShaderFormatOpenGL (50)
[2015.04.07-17.34.14:076][561]LogModuleManager: Shutting down and abandoning module ShaderFormatD3D (49)
[2015.04.07-17.34.14:076][561]LogModuleManager: Shutting down and abandoning module MetalShaderFormat (48)
[2015.04.07-17.34.14:107][561]LogModuleManager: Shutting down and abandoning module TextureFormatUncompressed (47)
[2015.04.07-17.34.14:107][561]LogModuleManager: Shutting down and abandoning module TextureFormatPVR (46)
[2015.04.07-17.34.14:107][561]LogModuleManager: Shutting down and abandoning module TextureFormatIntelISPCTexComp (45)
[2015.04.07-17.34.14:107][561]LogModuleManager: Shutting down and abandoning module TextureFormatDXT (44)
[2015.04.07-17.34.14:107][561]LogModuleManager: Shutting down and abandoning module ImageWrapper (43)
[2015.04.07-17.34.14:107][561]LogModuleManager: Shutting down and abandoning module TextureFormatASTC (42)
[2015.04.07-17.34.14:107][561]LogModuleManager: Shutting down and abandoning module TextureFormatAndroid (41)
[2015.04.07-17.34.14:107][561]LogModuleManager: Shutting down and abandoning module AudioFormatOpus (40)
[2015.04.07-17.34.14:107][561]LogModuleManager: Shutting down and abandoning module AudioFormatOgg (39)
[2015.04.07-17.34.14:107][561]LogModuleManager: Shutting down and abandoning module AudioFormatADPCM (38)
[2015.04.07-17.34.14:107][561]LogModuleManager: Shutting down and abandoning module LinuxTargetPlatform (37)
[2015.04.07-17.34.14:107][561]LogModuleManager: Shutting down and abandoning module LinuxServerTargetPlatform (36)
[2015.04.07-17.34.14:107][561]LogModuleManager: Shutting down and abandoning module LinuxNoEditorTargetPlatform (35)
[2015.04.07-17.34.14:107][561]LogModuleManager: Shutting down and abandoning module Messaging (34)
[2015.04.07-17.34.14:107][561]LogModuleManager: Shutting down and abandoning module IOSTargetPlatform (33)
[2015.04.07-17.34.14:107][561]LogModuleManager: Shutting down and abandoning module HTML5TargetPlatform (32)
[2015.04.07-17.34.14:107][561]LogModuleManager: Shutting down and abandoning module Android_PVRTCTargetPlatform (31)
[2015.04.07-17.34.14:107][561]LogModuleManager: Shutting down and abandoning module Android_ETC2TargetPlatform (30)
[2015.04.07-17.34.14:107][561]LogModuleManager: Shutting down and abandoning module Android_ETC1TargetPlatform (29)
[2015.04.07-17.34.14:107][561]LogModuleManager: Shutting down and abandoning module Android_ES31TargetPlatform (28)
[2015.04.07-17.34.14:107][561]LogModuleManager: Shutting down and abandoning module Android_DXTTargetPlatform (27)
[2015.04.07-17.34.14:107][561]LogModuleManager: Shutting down and abandoning module Android_ATCTargetPlatform (26)
[2015.04.07-17.34.14:107][561]LogModuleManager: Shutting down and abandoning module AndroidTargetPlatform (25)
[2015.04.07-17.34.14:107][561]LogModuleManager: Shutting down and abandoning module WindowsTargetPlatform (24)
[2015.04.07-17.34.14:107][561]LogModuleManager: Shutting down and abandoning module WindowsServerTargetPlatform (23)
[2015.04.07-17.34.14:107][561]LogModuleManager: Shutting down and abandoning module WindowsNoEditorTargetPlatform (22)
[2015.04.07-17.34.14:107][561]LogModuleManager: Shutting down and abandoning module WindowsClientTargetPlatform (21)
[2015.04.07-17.34.14:107][561]LogModuleManager: Shutting down and abandoning module TargetPlatform (20)
[2015.04.07-17.34.14:107][561]LogModuleManager: Shutting down and abandoning module InputCore (19)
[2015.04.07-17.34.14:107][561]LogModuleManager: Shutting down and abandoning module Settings (18)
[2015.04.07-17.34.14:107][561]LogModuleManager: Shutting down and abandoning module OnlineSubsystem (16)
[2015.04.07-17.34.14:107][561]LogModuleManager: Shutting down and abandoning module OculusRift (15)
[2015.04.07-17.34.14:107][561]LogModuleManager: Shutting down and abandoning module ExampleDeviceProfileSelector (14)
[2015.04.07-17.34.14:107][561]LogModuleManager: Shutting down and abandoning module TextureCompressor (13)
[2015.04.07-17.34.14:128][561]LogModuleManager: Shutting down and abandoning module ShaderCore (12)
[2015.04.07-17.34.14:128][561]LogModuleManager: Shutting down and abandoning module Landscape (11)
[2015.04.07-17.34.14:128][561]LogModuleManager: Shutting down and abandoning module SlateRHIRenderer (10)
[2015.04.07-17.34.14:143][561]LogModuleManager: Shutting down and abandoning module OpenGLDrv (9)
[2015.04.07-17.34.14:143][561]LogModuleManager: Shutting down and abandoning module D3D11RHI (8)
[2015.04.07-17.34.14:143][561]LogModuleManager: Shutting down and abandoning module Renderer (7)
[2015.04.07-17.34.14:143][561]LogModuleManager: Shutting down and abandoning module Engine (6)
[2015.04.07-17.34.14:143][561]LogModuleManager: Shutting down and abandoning module CoreUObject (5)
[2015.04.07-17.34.14:143][561]LogModuleManager: Shutting down and abandoning module NetworkFile (4)
[2015.04.07-17.34.14:165][561]LogModuleManager: Shutting down and abandoning module StreamingFile (3)
[2015.04.07-17.34.14:165][561]LogModuleManager: Shutting down and abandoning module SandboxFile (2)
[2015.04.07-17.34.14:182][561]LogModuleManager: Shutting down and abandoning module PakFile (1)
[2015.04.07-17.34.14:219][561]LogExit: Exiting.
[2015.04.07-17.34.14:220][561]Log file closed, 04/07/15 12:34:14
