Log file open, 04/04/15 09:34:27
LogInit:Display: Running engine for game: EndlessFlyer
LogInit: Version: 4.7.4-2497108+++depot+UE4-Releases+4.7
LogInit: API Version: 2455222
LogInit: Compiled (64-bit): Mar 31 2015 09:40:25
LogInit: Compiled with Visual C++: 18.00.21005.01
LogInit: Build Configuration: Development
LogInit: Branch Name: ++depot+UE4-Releases+4.7
LogInit: Command line:  
LogInit: Base directory: C:/Program Files/EpicGames/Epic Games/4.7/Engine/Binaries/Win64/
LogInit: Rocket: 1
[2015.04.04-14.34.27:428][  0]LogTaskGraph: Started task graph with 3 named threads and 4 total threads.
[2015.04.04-14.34.27:461][  0]LogOnline:Warning: No default platform service specified for OnlineSubsystem
[2015.04.04-14.34.27:480][  0]LogInit: Presizing for 0 objects not considered by GC, pre-allocating 0 bytes.
[2015.04.04-14.34.27:491][  0]LogInit: Object subsystem initialized
[2015.04.04-14.34.27:492][  0]LogConsoleResponse:Warning: Skipping Unknown console variable: 'TranslucentSortAxis = (X=0.000000,Y=-1.000000,Z=0.000000)'
[2015.04.04-14.34.27:492][  0]LogConsoleResponse:Warning:   Found in ini file 'C:/Users/Alejandro/Documents/Game Making/Unreal/EndlessFlyer/Saved/Config/Windows/Engine.ini', in section '[/Script/Engine.RendererSettings]'
[2015.04.04-14.34.27:492][  0]LogConsoleResponse:Warning: Skipping Unknown console variable: 'UIScaleRule = ShortestSide'
[2015.04.04-14.34.27:493][  0]LogConsoleResponse:Warning:   Found in ini file 'C:/Users/Alejandro/Documents/Game Making/Unreal/EndlessFlyer/Saved/Config/Windows/Engine.ini', in section '[/Script/Engine.RendererSettings]'
[2015.04.04-14.34.27:493][  0]LogConsoleResponse:Warning: Skipping Unknown console variable: 'UIScaleCurve = (EditorCurveData=(Keys=),ExternalCurve=None)'
[2015.04.04-14.34.27:493][  0]LogConsoleResponse:Warning:   Found in ini file 'C:/Users/Alejandro/Documents/Game Making/Unreal/EndlessFlyer/Saved/Config/Windows/Engine.ini', in section '[/Script/Engine.RendererSettings]'
[2015.04.04-14.34.27:493][  0]LogInit: Selected Device Profile: [Windows]
[2015.04.04-14.34.27:493][  0]LogInit: Applying CVar settings loaded from the selected device profile: [Windows]
[2015.04.04-14.34.27:539][  0]LogInit: Computer: WHEATLEY
[2015.04.04-14.34.27:539][  0]LogInit: User: Alejandro
[2015.04.04-14.34.27:539][  0]LogInit: CPU Page size=4096, Cores=2
[2015.04.04-14.34.27:539][  0]LogInit: High frequency timer resolution =2.338337 MHz
[2015.04.04-14.34.27:539][  0]LogMemory: Memory total: Physical=5.9GB (6GB approx) Virtual=131072.0GB
[2015.04.04-14.34.27:539][  0]LogMemory: Platform Memory Stats for Windows
[2015.04.04-14.34.27:539][  0]LogMemory: Process Physical Memory: 46.35 MB used, 46.35 MB peak
[2015.04.04-14.34.27:539][  0]LogMemory: Process Virtual Memory: 26.38 MB used, 26.38 MB peak
[2015.04.04-14.34.27:539][  0]LogMemory: Physical Memory: 3615.12 MB used, 6045.10 MB total
[2015.04.04-14.34.27:539][  0]LogMemory: Virtual Memory: 288.41 MB used, 134217728.00 MB total
[2015.04.04-14.34.27:586][  0]LogD3D11RHI: Found D3D11 adapter 0: Intel(R) HD Graphics Family (Feature Level 11_0)
[2015.04.04-14.34.27:586][  0]LogD3D11RHI: Adapter has 0MB of dedicated video memory, 0MB of dedicated system memory, and 1792MB of shared system memory, 2 output[s]
[2015.04.04-14.34.27:608][  0]LogD3D11RHI: Found D3D11 adapter 1: NVIDIA GeForce GT 720M    (Feature Level 11_0)
[2015.04.04-14.34.27:608][  0]LogD3D11RHI: Adapter has 1994MB of dedicated video memory, 0MB of dedicated system memory, and 2047MB of shared system memory, 0 output[s]
[2015.04.04-14.34.27:609][  0]LogD3D11RHI: Found D3D11 adapter 2: Microsoft Basic Render Driver (Feature Level 11_0)
[2015.04.04-14.34.27:609][  0]LogD3D11RHI: Adapter has 0MB of dedicated video memory, 0MB of dedicated system memory, and 256MB of shared system memory, 0 output[s]
[2015.04.04-14.34.27:609][  0]LogD3D11RHI: Chosen D3D11 Adapter Id = 0
[2015.04.04-14.34.27:616][  0]LogRHI: Texture pool is 1361 MB (70% of 1945 MB)
[2015.04.04-14.34.27:633][  0]LogD3D11RHI: Async texture creation enabled
[2015.04.04-14.34.27:720][  0]LogTextLocalizationManager: The requested culture ('en') has no localization data; parent culture's ('es') localization data will be used.
[2015.04.04-14.34.27:818][  0]LogTextLocalizationManager:Warning: Loading localization resources contain conflicting entries for (Namespace:UICommands, Key:Save_ToolTip):
Resource: (C:/Program Files/EpicGames/Epic Games/4.7/Engine/Content/Localization/Editor/en/Editor.locres) Hash: (-29098895) String: (Saves the current level to disk)
Resource: (C:/Program Files/EpicGames/Epic Games/4.7/Engine/Content/Localization/Engine/en/Engine.locres) Hash: (-1280300587) String: (Save selected data to vlog file)
[2015.04.04-14.34.27:818][  0]LogTextLocalizationManager:Warning: Loading localization resources contain conflicting entries for (Namespace:ContentBrowser, Key:ImportAssetToolTip):
Resource: (C:/Program Files/EpicGames/Epic Games/4.7/Engine/Content/Localization/Editor/en/Editor.locres) Hash: (-630476809) String: (Import to {0}...)
Resource: (C:/Program Files/EpicGames/Epic Games/4.7/Engine/Content/Localization/Editor/en/Editor.locres) Hash: (1271782899) String: (Imports an asset from file to this folder.)
[2015.04.04-14.34.27:914][  0]LogContentStreaming: Texture pool size is 0.000000MB
[2015.04.04-14.34.35:733][  0]LogTargetPlatformManager:Display: Building Assets For Windows
[2015.04.04-14.34.38:614][  0]LogTargetPlatformManager:Display: Building Assets For Windows
[2015.04.04-14.34.39:376][  0]LogDerivedDataCache:Display: Max Cache Size: 512 MB
[2015.04.04-14.34.41:033][  0]LogDerivedDataCache: Loaded boot cache 1.64s 39MB C:/Users/Alejandro/AppData/Local/UnrealEngine/4.7/DerivedDataCache/Boot.ddc.
[2015.04.04-14.34.41:033][  0]LogDerivedDataCache:Display: Loaded Boot cache: C:/Users/Alejandro/AppData/Local/UnrealEngine/4.7/DerivedDataCache/Boot.ddc
[2015.04.04-14.34.41:033][  0]LogDerivedDataCache: FDerivedDataBackendGraph:  Pak pak cache file ../../../../../../../Users/Alejandro/Documents/Game Making/Unreal/EndlessFlyer/DerivedDataCache/DDC.ddp not found, will not use a pak cache.
[2015.04.04-14.34.41:033][  0]LogDerivedDataCache: Unable to find inner node Pak for hierarchical cache Hierarchy.
[2015.04.04-14.34.41:294][  0]LogDerivedDataCache:Display: Pak cache opened for reading ../../../Engine/DerivedDataCache/Compressed.ddp.
[2015.04.04-14.34.41:322][  0]LogDerivedDataCache: Using Local data cache path C:/Users/Alejandro/AppData/Local/UnrealEngine/Common/DerivedDataCache: Writable
[2015.04.04-14.35.28:014][  0]LogMeshUtilities: No automatic mesh reduction module available
[2015.04.04-14.35.28:014][  0]LogMeshUtilities: No automatic mesh merging module available
[2015.04.04-14.35.39:190][  0]LogInit: WinSock: version 1.1 (2.2), MaxSocks=32767, MaxUdp=65467
[2015.04.04-14.35.39:776][  0]LogSlate:Warning: Failed to load font data from '../../../Engine/Content/Slate/Fonts/Roboto-Italic.ttf'
[2015.04.04-14.36.12:173][  0]UdpMessaging: Initializing bridge on interface 0.0.0.0:0 to multicast group 230.0.0.1:6666.
[2015.04.04-14.36.13:653][  0]SourceControl: Info Source control is disabled
[2015.04.04-14.36.13:668][  0]SourceControl: Info Source control is disabled
[2015.04.04-14.36.13:668][  0]SourceControl: Info Source control is disabled
[2015.04.04-14.36.13:668][  0]LogSourceControl: RunCommandInternalRaw: 'git version'
[2015.04.04-14.36.13:669][  0]LogSourceControl: RunCommandInternalRaw: ExecProcess ReturnCode=2 OutResults=''
[2015.04.04-14.36.13:678][  0]SourceControl: Info Source control is disabled
[2015.04.04-14.36.15:828][  0]LogObj: 24232 objects as part of root set at end of initial load.
[2015.04.04-14.36.15:828][  0]LogUObjectAllocator: 5137176 out of 0 bytes used by permanent object pool.
[2015.04.04-14.36.16:827][  0]LogEngine: Initializing Engine...
[2015.04.04-14.36.19:916][  0]LogInit: XAudio2 using 'HP 2309 (Sonido Intel(R) para pantallas)' : 2 channels at 48 kHz using 16 bits per sample (channel mask 0x3)
[2015.04.04-14.36.19:987][  0]LogInit: FAudioDevice initialized.
[2015.04.04-14.36.22:084][  0]LogAIModule: Creating AISystem for world NewWorld
[2015.04.04-14.36.22:320][  0]LogDerivedDataCache: Saved boot cache 0.03s 39MB C:/Users/Alejandro/AppData/Local/UnrealEngine/4.7/DerivedDataCache/Boot.ddc.
[2015.04.04-14.36.22:368][  0]LogInit: Texture streaming: Enabled
[2015.04.04-14.36.23:218][  0]LogAnalytics: Creating configured Analytics provider AnalyticsET
[2015.04.04-14.36.23:218][  0]LogAnalytics: ET APIKey = Rocket.Release. APIServer = http://et2.epicgames.com/ET2/. AppVersion = 4.7.4-2497108+++depot+UE4-Releases+4.7
[2015.04.04-14.36.23:218][  0]LogAnalytics: ET APIKey = Rocket.Release. DataRouterUploadURL = https://datarouter-public-service-gamedev.ol.epicgames.net/datarouter/api/v1/public/data. AppVersion = 4.7.4-2497108+++depot+UE4-Releases+4.7
[2015.04.04-14.36.23:218][  0]LogAnalytics: SetUserId 4d7b92ee4a918ef235694a9553972bff|8bf8f7568e974c7196ce9bba7cc36de4|353ae85b-d1f9-4354-8b4e-d27eb10dd716
[2015.04.04-14.36.23:236][  0]LogAnalytics: AnalyticsET::StartSession [Rocket.Release]
[2015.04.04-14.36.24:079][  0]LogInit: Transaction tracking system initialized
[2015.04.04-14.36.28:538][  0]BlueprintLog: New page: Editor Load
[2015.04.04-14.36.30:454][  0]LogAssetRegistry: FAssetRegistry took 0.0398 seconds to start up
[2015.04.04-14.36.30:454][  0]LogDirectoryWatcher:Warning: Failed to begin reading directory changes for ../../../Engine/Plugins/Experimental/CharacterAI/Content/. Error: 0
[2015.04.04-14.36.37:996][  0]LogTargetPlatformManager:Display: Building Assets For Windows
[2015.04.04-14.36.38:826][  0]LogTargetPlatformManager:Display: Building Assets For Windows
[2015.04.04-14.36.41:181][  0]LogSlate:Warning: Failed to load font data from '../../../Engine/Content/Editor/Slate/Fonts/Roboto-Regular.ttf'
[2015.04.04-14.36.41:181][  0]LogSlate:Warning: Failed to load font data from '../../../Engine/Content/Editor/Slate/Fonts/Roboto-Bold.ttf'
[2015.04.04-14.36.41:506][  0]LogConsoleResponse:Display: 
[2015.04.04-14.36.46:285][  0]LogCook:Display: Done creating registry. It took  0.00s.
[2015.04.04-14.36.50:363][  0]SourceControl: Info Source control is disabled
[2015.04.04-14.36.50:574][  0]Cmd: MAP LOAD FILE="../../../../../../../Users/Alejandro/Documents/Game Making/Unreal/EndlessFlyer/Content/FlyingBP/Maps/FlyingExampleMap.umap" TEMPLATE=0 SHOWPROGRESS=1 FEATURELEVEL=3
[2015.04.04-14.36.50:722][  0]LightingResults: New page: Lighting Build
[2015.04.04-14.36.51:309][  0]MapCheck: New page: Map Check
[2015.04.04-14.36.51:309][  0]LightingResults: New page: Lighting Build
[2015.04.04-14.36.52:021][  0]LogParticles: Destroying 0 GPU particle simulations for FXSystem 0x000000BCE1C5CC20
[2015.04.04-14.37.02:226][  0]LogEditorServer: Finished looking for orphan Actors (0.000 secs)
[2015.04.04-14.37.06:177][  0]LogAIModule: Creating AISystem for world FlyingExampleMap
[2015.04.04-14.37.06:317][  0]Cmd: MAP CHECKDEP
[2015.04.04-14.37.06:341][  0]MapCheck: New page: FlyingExampleMap - Apr 4, 2015, 4:37:06 AM
[2015.04.04-14.37.06:513][  0]MapCheck: Info Map check complete: 0 Error(s), 0 Warning(s), took 196.368ms to complete.
[2015.04.04-14.37.06:565][  0]LogFileHelpers: Loading map 'FlyingExampleMap' took 16.099
[2015.04.04-14.37.09:685][  0]LogCollectionManager: Loaded 0 collections in 0.002121 seconds
[2015.04.04-14.37.09:747][  0]LogContentBrowser: Native class hierarchy populated in 0.0557 seconds. Added 1696 classes and 261 folders.
[2015.04.04-14.37.10:238][  0]LogContentBrowser: Native class hierarchy updated for 'SceneOutliner' in 0.0020 seconds. Added 1 classes and 2 folders.
[2015.04.04-14.37.12:288][  0]LogCrashTracker: Crashtracker disabled due to settings.
[2015.04.04-14.37.12:431][  0]LogSlate:Warning: Failed to load font data from 'Veranda'
[2015.04.04-14.37.12:962][  0]LogUObjectGlobals:Warning: Failed to find object 'Class None.'
[2015.04.04-14.37.13:117][  0]LogLoad: Full Startup: 172.24 seconds (BP compile: 1.47 seconds)
[2015.04.04-14.37.16:391][  0]LogRenderer:Warning: Reallocating scene render targets to support 32x32 (Frame:2).
[2015.04.04-14.37.18:527][  0]LogRenderer:Warning: Reallocating scene render targets to support 1208x576 (Frame:3).
[2015.04.04-14.37.18:988][  1]LogContentBrowser:Verbose: The content browser source was changed by the sources view to '/Game/FlyingBP/Blueprints'
[2015.04.04-14.37.21:391][  7]LogAssetRegistry: Asset discovery search completed in 50.9773 seconds
[2015.04.04-17.18.04:752][948]LogPlayLevel: PIE:  No blueprints needed recompiling
[2015.04.04-17.18.04:753][948]PIE: New page: PIE session: FlyingExampleMap (Apr 4, 2015, 7:18:04 AM)
[2015.04.04-17.18.04:930][948]LogPlayLevel: PIE: StaticDuplicateObject took: (0.175301s)
[2015.04.04-17.18.04:934][948]LogPlayLevel: PIE: World Init took: (0.004532s)
[2015.04.04-17.18.04:936][948]LogPlayLevel: PIE: Created PIE world by copying editor world from /Game/FlyingBP/Maps/FlyingExampleMap.FlyingExampleMap to /Game/FlyingBP/Maps/UEDPIE_0_FlyingExampleMap.FlyingExampleMap (0.181781s)
[2015.04.04-17.18.05:134][948]LogWorld: Game class is 'FlyingGameMode_C'
[2015.04.04-17.18.05:157][948]LogAIModule: Creating AISystem for world FlyingExampleMap
[2015.04.04-17.18.05:194][948]LogWorld: Bringing World /Game/FlyingBP/Maps/UEDPIE_0_FlyingExampleMap.FlyingExampleMap up for play (max tick rate 0) at 2015.04.04-12.18.05
[2015.04.04-17.18.05:195][948]LogWorld: Bringing up level for play took: 0.036943
[2015.04.04-17.18.05:256][948]PIE: Info Play in editor start time for /Game/FlyingBP/Maps/UEDPIE_0_FlyingExampleMap -0.177
[2015.04.04-17.18.16:028][289]LogParticles: Destroying 0 GPU particle simulations for FXSystem 0x000000BC983A80E0
[2015.04.04-17.18.19:698][390]LogContentBrowser:Verbose: The content browser source was changed by the sources view to '/Game/FlyingBP/Maps'
[2015.04.04-17.18.25:415][444]Cmd: MAP LOAD FILE="../../../../../../../Users/Alejandro/Documents/Game Making/Unreal/EndlessFlyer/Content/FlyingBP/Maps/EndlessFlight.umap" TEMPLATE=0 SHOWPROGRESS=1 FEATURELEVEL=3
[2015.04.04-17.18.25:511][444]LightingResults: New page: Lighting Build
[2015.04.04-17.18.25:845][444]LoadErrors: New page: Loading map: EndlessFlight.umap
[2015.04.04-17.18.25:867][444]MapCheck: New page: Map Check
[2015.04.04-17.18.25:882][444]LightingResults: New page: Lighting Build
[2015.04.04-17.18.25:992][444]LogParticles: Destroying 0 GPU particle simulations for FXSystem 0x000000BCDA80E160
[2015.04.04-17.18.26:865][444]LogEditorServer: Finished looking for orphan Actors (0.000 secs)
[2015.04.04-17.18.26:872][444]LogAIModule: Creating AISystem for world EndlessFlight
[2015.04.04-17.18.26:935][444]Cmd: MAP CHECKDEP
[2015.04.04-17.18.26:954][444]MapCheck: New page: EndlessFlight - Apr 4, 2015, 7:18:26 AM
[2015.04.04-17.18.27:397][444]MapCheck: Info Map check complete: 0 Error(s), 0 Warning(s), took 424.059ms to complete.
[2015.04.04-17.18.27:399][444]LogFileHelpers: Loading map 'EndlessFlight' took 1.986
[2015.04.04-17.18.29:130][485]LogPlayLevel: PIE:  No blueprints needed recompiling
[2015.04.04-17.18.29:130][485]PIE: New page: PIE session: EndlessFlight (Apr 4, 2015, 7:18:29 AM)
[2015.04.04-17.18.29:131][485]LogPlayLevel: PIE: StaticDuplicateObject took: (0.001512s)
[2015.04.04-17.18.29:132][485]LogPlayLevel: PIE: World Init took: (0.000877s)
[2015.04.04-17.18.29:132][485]LogPlayLevel: PIE: Created PIE world by copying editor world from /Game/FlyingBP/Maps/EndlessFlight.EndlessFlight to /Game/FlyingBP/Maps/UEDPIE_0_EndlessFlight.EndlessFlight (0.002660s)
[2015.04.04-17.18.29:176][485]LogWorld: Game class is 'FlyingGameMode_C'
[2015.04.04-17.18.29:379][485]LogAIModule: Creating AISystem for world EndlessFlight
[2015.04.04-17.18.29:383][485]LogWorld: Bringing World /Game/FlyingBP/Maps/UEDPIE_0_EndlessFlight.EndlessFlight up for play (max tick rate 0) at 2015.04.04-12.18.29
[2015.04.04-17.18.29:401][485]LogWorld: Bringing up level for play took: 0.020876
[2015.04.04-17.18.29:417][485]PIE: Info Play in editor start time for /Game/FlyingBP/Maps/UEDPIE_0_EndlessFlight -0.016
[2015.04.04-17.19.30:242][145]LogParticles: Destroying 0 GPU particle simulations for FXSystem 0x000000BCDABE00E0
[2015.04.04-17.19.32:483][235]LogContentBrowser:Verbose: The content browser source was changed by the sources view to '/Game/FlyingBP/Blueprints'
[2015.04.04-17.20.23:514][265]BlueprintLog: New page: Compile XWing
[2015.04.04-17.20.24:932][265]BlueprintEditorCompileResults: Info [9964.06] Compile of XWing successful! [in 1,417 ms]
[2015.04.04-17.20.26:786][323]BlueprintLog: New page: Pre-PIE auto-recompile
[2015.04.04-17.20.26:793][323]LogPlayLevel: [PIE] Compiling BP_Trench_Tile before PIE...
[2015.04.04-17.20.26:884][323]LogPlayLevel: [PIE] Compiling SpawnStart before PIE...
[2015.04.04-17.20.27:001][323]LogPlayLevel: PIE:  Blueprint regeneration took 249 ms (2 blueprints)
[2015.04.04-17.20.27:001][323]PIE: New page: PIE session: EndlessFlight (Apr 4, 2015, 7:20:27 AM)
[2015.04.04-17.20.27:003][323]LogPlayLevel: PIE: StaticDuplicateObject took: (0.001514s)
[2015.04.04-17.20.27:004][323]LogPlayLevel: PIE: World Init took: (0.000833s)
[2015.04.04-17.20.27:004][323]LogPlayLevel: PIE: Created PIE world by copying editor world from /Game/FlyingBP/Maps/EndlessFlight.EndlessFlight to /Game/FlyingBP/Maps/UEDPIE_0_EndlessFlight.EndlessFlight (0.002587s)
[2015.04.04-17.20.27:040][323]LogWorld: Game class is 'FlyingGameMode_C'
[2015.04.04-17.20.27:041][323]LogAIModule: Creating AISystem for world EndlessFlight
[2015.04.04-17.20.27:043][323]LogWorld: Bringing World /Game/FlyingBP/Maps/UEDPIE_0_EndlessFlight.EndlessFlight up for play (max tick rate 0) at 2015.04.04-12.20.27
[2015.04.04-17.20.27:044][323]LogWorld: Bringing up level for play took: 0.002044
[2015.04.04-17.20.27:058][323]PIE: Info Play in editor start time for /Game/FlyingBP/Maps/UEDPIE_0_EndlessFlight -0.375
[2015.04.04-17.23.08:731][ 85]LogParticles: Destroying 0 GPU particle simulations for FXSystem 0x000000BCECBC9D00
[2015.04.04-17.27.35:864][ 55]LogSourceControl: RunCommandInternalRaw: 'git version'
[2015.04.04-17.27.35:864][ 55]LogSourceControl: RunCommandInternalRaw: ExecProcess ReturnCode=2 OutResults=''
[2015.04.04-17.32.06:687][126]LogSavePackage: Save=151.844238ms
[2015.04.04-17.32.06:687][126]LogSavePackage: Moving '../../../../../../../Users/Alejandro/Documents/Game Making/Unreal/EndlessFlyer/Saved/EndlessFlight_Auto1C82FC7ED48B489034C4C5496DC272580.tmp' to '../../../../../../../Users/Alejandro/Documents/Game Making/Unreal/EndlessFlyer/Saved/Autosaves/Game/FlyingBP/Maps/EndlessFlight_Auto1.umap'
[2015.04.04-17.32.06:702][126]LogFileHelpers: Editor autosave (incl. sublevels) for '/Game/FlyingBP/Maps/EndlessFlight' took 0.500
[2015.04.04-17.32.06:702][126]LogFileHelpers: Editor autosave (incl. sublevels) for all levels took 0.500
[2015.04.04-17.32.06:740][126]OBJ SavePackage: Generating thumbnails for [1] asset(s) in package [/Game/FlyingBP/Blueprints/XWing] ([1] browsable assets)...
[2015.04.04-17.32.06:765][126]OBJ SavePackage:     Rendered thumbnail for [Blueprint /Game/FlyingBP/Blueprints/XWing.XWing]
[2015.04.04-17.32.06:765][126]OBJ SavePackage: Finished generating thumbnails for package [/Game/FlyingBP/Blueprints/XWing]
[2015.04.04-17.32.07:321][126]LogSavePackage: Save=519.843384ms
[2015.04.04-17.32.07:326][126]LogSavePackage: Moving '../../../../../../../Users/Alejandro/Documents/Game Making/Unreal/EndlessFlyer/Saved/XWing_Auto1D17B23DD422AF6A3431A7CB0EB8BFB29.tmp' to '../../../../../../../Users/Alejandro/Documents/Game Making/Unreal/EndlessFlyer/Saved/Autosaves/Game/FlyingBP/Blueprints/XWing_Auto1.uasset'
[2015.04.04-17.32.07:346][126]LogFileHelpers: Auto-saving content packages took 0.645
[2015.04.04-18.35.38:642][954]LogSourceControl:Error: P4ERROR: Invalid connection to server.
[2015.04.04-18.35.38:642][954]LogSourceControl:Error: Connect to server failed; check $P4PORT.
TCP connect to perforce:1666 failed.
Host desconocido. 

[2015.04.04-18.35.38:716][956]SourceControl: Info Source control is disabled
[2015.04.04-18.35.51:690][357]LogSourceControl: RunCommandInternalRaw: 'git version'
[2015.04.04-18.35.51:812][357]LogSourceControl: RunCommandInternalRaw: ExecProcess ReturnCode=0 OutResults='git version 1.9.5.msysgit.1
'
[2015.04.04-18.36.18:924][581]SourceControl:Error: Error You should check out a working copy into your project directory.
[2015.04.04-18.36.18:924][581]SourceControl:Error: Error Project is not part of a Git working copy.
[2015.04.04-18.36.40:063][279]SourceControl:Error: Error You should check out a working copy into your project directory.
[2015.04.04-18.36.40:063][279]SourceControl:Error: Error Project is not part of a Git working copy.
[2015.04.04-18.36.47:485][520]SourceControl: Info Source control is disabled
[2015.04.04-18.36.53:931][763]LogSourceControl: RunCommandInternalRaw: 'git version'
[2015.04.04-18.36.53:940][763]LogSourceControl: RunCommandInternalRaw: ExecProcess ReturnCode=0 OutResults='git version 1.9.5.msysgit.1
'
[2015.04.04-18.36.55:645][824]SourceControl:Error: Error You should check out a working copy into your project directory.
[2015.04.04-18.36.55:645][824]SourceControl:Error: Error Project is not part of a Git working copy.
[2015.04.04-18.37.16:260][322]Cmd: OBJ SAVEPACKAGE PACKAGE="/Game/FlyingBP/Blueprints/XWing" FILE="../../../../../../../Users/Alejandro/Documents/Game Making/Unreal/EndlessFlyer/Content/FlyingBP/Blueprints/XWing.uasset" SILENT=true
[2015.04.04-18.37.16:396][322]LogSavePackage: Save=126.311989ms
[2015.04.04-18.37.16:396][322]LogSavePackage: Moving '../../../../../../../Users/Alejandro/Documents/Game Making/Unreal/EndlessFlyer/Saved/XWing6F88F1ED4A405263C6296CA0D0A4090A.tmp' to '../../../../../../../Users/Alejandro/Documents/Game Making/Unreal/EndlessFlyer/Content/FlyingBP/Blueprints/XWing.uasset'
[2015.04.04-18.37.16:583][322]LogSavePackage: Save=19.382578ms
[2015.04.04-18.37.16:583][322]LogSavePackage: Moving '../../../../../../../Users/Alejandro/Documents/Game Making/Unreal/EndlessFlyer/Saved/EndlessFlight6C4BF6914C26B41885B1488CDA7F78F5.tmp' to '../../../../../../../Users/Alejandro/Documents/Game Making/Unreal/EndlessFlyer/Content/FlyingBP/Maps/EndlessFlight.umap'
[2015.04.04-18.37.16:653][322]LogFileHelpers: Saving map 'EndlessFlight' took 0.247
[2015.04.04-18.37.17:633][323]Cmd: QUIT_EDITOR
[2015.04.04-18.37.18:169][323]LogExit: Preparing to exit.
[2015.04.04-18.37.19:677][323]LogExit: Editor shut down
[2015.04.04-18.37.19:706][323]LogExit: Transaction tracking system shut down
[2015.04.04-18.37.19:708][323]LogParticles: Destroying 0 GPU particle simulations for FXSystem 0x000000BCDD2AE5C0
[2015.04.04-18.37.19:708][323]LogParticles: Destroying 0 GPU particle simulations for FXSystem 0x000000BCDCD799E0
[2015.04.04-18.37.19:709][323]LogParticles: Destroying 0 GPU particle simulations for FXSystem 0x000000BC95DA09A0
[2015.04.04-18.37.19:709][323]LogParticles: Destroying 0 GPU particle simulations for FXSystem 0x000000BC95C95E40
[2015.04.04-18.37.19:711][323]LogParticles: Destroying 0 GPU particle simulations for FXSystem 0x000000BCECBCA0C0
[2015.04.04-18.37.22:594][323]LogExit: Object subsystem successfully closed.
[2015.04.04-18.37.25:773][323]LogModuleManager: Shutting down and abandoning module CrashTracker (177)
[2015.04.04-18.37.25:807][323]LogModuleManager: Shutting down and abandoning module SuperSearch (176)
[2015.04.04-18.37.25:807][323]LogModuleManager: Shutting down and abandoning module SceneOutliner (175)
[2015.04.04-18.37.25:807][323]LogModuleManager: Shutting down and abandoning module EditorWidgets (174)
[2015.04.04-18.37.25:807][323]LogModuleManager: Shutting down and abandoning module CollectionManager (173)
[2015.04.04-18.37.25:823][323]LogModuleManager: Shutting down and abandoning module StatsViewer (172)
[2015.04.04-18.37.25:865][323]LogModuleManager: Shutting down and abandoning module FoliageEdit (171)
[2015.04.04-18.37.25:865][323]LogModuleManager: Shutting down and abandoning module LandscapeEditor (170)
[2015.04.04-18.37.25:994][323]LogModuleManager: Shutting down and abandoning module MeshPaint (169)
[2015.04.04-18.37.26:013][323]LogModuleManager: Shutting down and abandoning module ActorPickerMode (168)
[2015.04.04-18.37.26:013][323]LogModuleManager: Shutting down and abandoning module GeometryMode (167)
[2015.04.04-18.37.26:013][323]LogModuleManager: Shutting down and abandoning module TextureAlignMode (166)
[2015.04.04-18.37.26:013][323]LogModuleManager: Shutting down and abandoning module BspMode (165)
[2015.04.04-18.37.26:013][323]LogModuleManager: Shutting down and abandoning module PlacementMode (164)
[2015.04.04-18.37.26:013][323]LogModuleManager: Shutting down and abandoning module AutomationWorker (163)
[2015.04.04-18.37.26:013][323]LogModuleManager: Shutting down and abandoning module CharacterAI (162)
[2015.04.04-18.37.26:013][323]LogModuleManager: Shutting down and abandoning module SmartSnapping (161)
[2015.04.04-18.37.26:013][323]LogModuleManager: Shutting down and abandoning module ViewportSnapping (160)
[2015.04.04-18.37.26:014][323]LogModuleManager: Shutting down and abandoning module LogVisualizer (159)
[2015.04.04-18.37.26:264][323]LogModuleManager: Shutting down and abandoning module GameProjectGeneration (158)
[2015.04.04-18.37.26:313][323]LogModuleManager: Shutting down and abandoning module IntroTutorials (157)
[2015.04.04-18.37.26:597][323]LogModuleManager: Shutting down and abandoning module EditorLiveStreaming (156)
[2015.04.04-18.37.26:616][323]LogModuleManager: Shutting down and abandoning module HardwareTargeting (155)
[2015.04.04-18.37.26:616][323]LogModuleManager: Shutting down and abandoning module DeviceProfileEditor (154)
[2015.04.04-18.37.26:647][323]LogModuleManager: Shutting down and abandoning module UndoHistory (153)
[2015.04.04-18.37.26:679][323]LogModuleManager: Shutting down and abandoning module GameplayTagsEditor (152)
[2015.04.04-18.37.26:679][323]LogModuleManager: Shutting down and abandoning module UserFeedback (151)
[2015.04.04-18.37.26:679][323]LogModuleManager: Shutting down and abandoning module XmlParser (150)
[2015.04.04-18.37.26:691][323]LogModuleManager: Shutting down and abandoning module Blutility (149)
[2015.04.04-18.37.26:691][323]LogModuleManager: Shutting down and abandoning module IOSPlatformEditor (148)
[2015.04.04-18.37.26:691][323]LogModuleManager: Shutting down and abandoning module IOSRuntimeSettings (147)
[2015.04.04-18.37.26:691][323]LogModuleManager: Shutting down and abandoning module AndroidDeviceDetection (146)
[2015.04.04-18.37.27:089][323]LogModuleManager: Shutting down and abandoning module AndroidPlatformEditor (145)
[2015.04.04-18.37.27:152][323]LogModuleManager: Shutting down and abandoning module AndroidRuntimeSettings (144)
[2015.04.04-18.37.27:152][323]LogModuleManager: Shutting down and abandoning module ProjectTargetPlatformEditor (143)
[2015.04.04-18.37.27:208][323]LogModuleManager: Shutting down and abandoning module ProjectSettingsViewer (142)
[2015.04.04-18.37.27:250][323]LogModuleManager: Shutting down and abandoning module InputBindingEditor (141)
[2015.04.04-18.37.27:385][323]LogModuleManager: Shutting down and abandoning module EditorSettingsViewer (140)
[2015.04.04-18.37.27:385][323]LogModuleManager: Shutting down and abandoning module SettingsEditor (139)
[2015.04.04-18.37.29:533][323]LogModuleManager: Shutting down and abandoning module ProjectLauncher (138)
[2015.04.04-18.37.32:126][323]LogModuleManager: Shutting down and abandoning module SessionFrontend (137)
[2015.04.04-18.37.32:186][323]LogModuleManager: Shutting down and abandoning module ProfilerClient (136)
[2015.04.04-18.37.32:201][323]LogModuleManager: Shutting down and abandoning module TargetDeviceServices (135)
[2015.04.04-18.37.32:202][323]LogModuleManager: Shutting down and abandoning module DeviceManager (134)
[2015.04.04-18.37.32:440][323]LogModuleManager: Shutting down and abandoning module AutomationController (133)
[2015.04.04-18.37.32:480][323]LogModuleManager: Shutting down and abandoning module AutomationWindow (132)
[2015.04.04-18.37.32:543][323]LogModuleManager: Shutting down and abandoning module Layers (131)
[2015.04.04-18.37.32:589][323]LogModuleManager: Shutting down and abandoning module ComponentVisualizers (130)
[2015.04.04-18.37.32:589][323]LogModuleManager: Shutting down and abandoning module DetailCustomizations (129)
[2015.04.04-18.37.32:590][323]LogModuleManager: Shutting down and abandoning module PackagesDialog (128)
[2015.04.04-18.37.32:590][323]LogModuleManager: Shutting down and abandoning module AssetRegistry (127)
[2015.04.04-18.37.33:285][323]LogModuleManager: Shutting down and abandoning module Persona (126)
[2015.04.04-18.37.33:349][323]LogModuleManager: Shutting down and abandoning module SlateReflector (125)
[2015.04.04-18.37.33:385][323]LogModuleManager: Shutting down and abandoning module LevelEditor (124)
[2015.04.04-18.37.33:868][323]LogModuleManager: Shutting down and abandoning module Kismet (123)
[2015.04.04-18.37.33:868][323]LogModuleManager: Shutting down and abandoning module GraphEditor (122)
[2015.04.04-18.37.33:868][323]LogModuleManager: Shutting down and abandoning module ClassViewer (121)
[2015.04.04-18.37.33:868][323]LogModuleManager: Shutting down and abandoning module Toolbox (120)
[2015.04.04-18.37.33:868][323]LogModuleManager: Shutting down and abandoning module ModuleUI (119)
[2015.04.04-18.37.33:884][323]LogModuleManager: Shutting down and abandoning module MovieSceneTools (118)
[2015.04.04-18.37.33:974][323]LogModuleManager: Shutting down and abandoning module OutputLog (117)
[2015.04.04-18.37.33:974][323]LogModuleManager: Shutting down and abandoning module GammaUI (116)
[2015.04.04-18.37.34:002][323]LogModuleManager: Shutting down and abandoning module Documentation (115)
[2015.04.04-18.37.34:002][323]LogModuleManager: Shutting down and abandoning module GameLiveStreaming (114)
[2015.04.04-18.37.34:025][323]LogModuleManager: Shutting down and abandoning module StreamingPauseRendering (113)
[2015.04.04-18.37.34:038][323]LogModuleManager: Shutting down and abandoning module HTTP (112)
[2015.04.04-18.37.34:038][323]LogModuleManager: Shutting down and abandoning module AnalyticsET (111)
[2015.04.04-18.37.34:038][323]LogModuleManager: Shutting down and abandoning module Analytics (110)
[2015.04.04-18.37.34:038][323]LogModuleManager: Shutting down and abandoning module AITestSuite (109)
[2015.04.04-18.37.34:057][323]LogModuleManager: Shutting down and abandoning module GameplayDebugger (108)
[2015.04.04-18.37.34:057][323]LogModuleManager: Shutting down and abandoning module AIModule (107)
[2015.04.04-18.37.34:067][323]LogModuleManager: Shutting down and abandoning module ProfilerService (106)
[2015.04.04-18.37.34:181][323]LogModuleManager: Shutting down and abandoning module TaskGraph (105)
[2015.04.04-18.37.34:265][323]LogModuleManager: Shutting down and abandoning module SlateRemote (104)
[2015.04.04-18.37.34:265][323]LogModuleManager: Shutting down and abandoning module ScriptEditorPlugin (103)
[2015.04.04-18.37.34:265][323]LogModuleManager: Shutting down and abandoning module CustomMeshComponent (102)
[2015.04.04-18.37.34:265][323]LogModuleManager: Shutting down and abandoning module CableComponent (101)
[2015.04.04-18.37.34:302][323]LogModuleManager: Shutting down and abandoning module MessagingDebugger (100)
[2015.04.04-18.37.34:381][323]LogModuleManager: Shutting down and abandoning module MediaPlayerEditor (99)
[2015.04.04-18.37.34:405][323]LogModuleManager: Shutting down and abandoning module SpeedTreeImporter (98)
[2015.04.04-18.37.34:406][323]LogModuleManager: Shutting down and abandoning module PluginsEditor (97)
[2015.04.04-18.37.34:424][323]LogModuleManager: Shutting down and abandoning module MainFrame (96)
[2015.04.04-18.37.34:424][323]LogModuleManager: Shutting down and abandoning module EpicSurvey (95)
[2015.04.04-18.37.34:432][323]LogModuleManager: Shutting down and abandoning module DesktopPlatform (94)
[2015.04.04-18.37.34:516][323]LogModuleManager: Shutting down and abandoning module DirectoryWatcher (93)
[2015.04.04-18.37.34:517][323]LogModuleManager: Shutting down and abandoning module HotReload (92)
[2015.04.04-18.37.34:517][323]LogModuleManager: Shutting down and abandoning module VisualStudioSourceCodeAccess (91)
[2015.04.04-18.37.34:517][323]LogModuleManager: Shutting down and abandoning module UObjectPlugin (90)
[2015.04.04-18.37.34:517][323]LogModuleManager: Shutting down and abandoning module SubversionSourceControl (89)
[2015.04.04-18.37.34:547][323]LogModuleManager: Shutting down and abandoning module PerforceSourceControl (88)
[2015.04.04-18.37.34:547][323]LogModuleManager: Shutting down and abandoning module SourceControl (87)
[2015.04.04-18.37.34:547][323]LogModuleManager: Shutting down and abandoning module GitSourceControl (86)
[2015.04.04-18.37.34:547][323]LogModuleManager: Shutting down and abandoning module BlankPlugin (85)
[2015.04.04-18.37.34:547][323]LogModuleManager: Shutting down and abandoning module PaperTiledImporter (84)
[2015.04.04-18.37.34:547][323]LogModuleManager: Shutting down and abandoning module PaperJsonImporter (83)
[2015.04.04-18.37.34:547][323]LogModuleManager: Shutting down and abandoning module ContentBrowser (82)
[2015.04.04-18.37.34:571][323]LogModuleManager: Shutting down and abandoning module Paper2DEditor (81)
[2015.04.04-18.37.34:720][323]LogModuleManager: Shutting down and abandoning module ScriptPlugin (80)
[2015.04.04-18.37.34:732][323]LogModuleManager: Shutting down and abandoning module UdpMessaging (79)
[2015.04.04-18.37.34:833][323]LogModuleManager: Shutting down and abandoning module Paper2D (78)
[2015.04.04-18.37.34:863][323]LogModuleManager: Shutting down and abandoning module WindowsMoviePlayer (77)
[2015.04.04-18.37.36:062][323]LogModuleManager: Shutting down and abandoning module Media (76)
[2015.04.04-18.37.36:062][323]LogModuleManager: Shutting down and abandoning module WmfMedia (75)
[2015.04.04-18.37.36:118][323]LogModuleManager: Shutting down and abandoning module OnlineBlueprintSupport (74)
[2015.04.04-18.37.36:118][323]LogModuleManager: Shutting down and abandoning module PropertyEditor (73)
[2015.04.04-18.37.36:118][323]LogModuleManager: Shutting down and abandoning module BehaviorTreeEditor (72)
[2015.04.04-18.37.36:224][323]LogModuleManager: Shutting down and abandoning module FunctionalTesting (71)
[2015.04.04-18.37.36:260][323]LogModuleManager: Shutting down and abandoning module CollisionAnalyzer (70)
[2015.04.04-18.37.36:346][323]LogModuleManager: Shutting down and abandoning module WorkspaceMenuStructure (69)
[2015.04.04-18.37.36:385][323]LogModuleManager: Shutting down and abandoning module MessageLog (68)
[2015.04.04-18.37.36:385][323]LogModuleManager: Shutting down and abandoning module Sequencer (67)
[2015.04.04-18.37.36:453][323]LogModuleManager: Shutting down and abandoning module AssetTools (66)
[2015.04.04-18.37.36:545][323]LogModuleManager: Shutting down and abandoning module UMGEditor (65)
[2015.04.04-18.37.36:581][323]LogModuleManager: Shutting down and abandoning module UMG (64)
[2015.04.04-18.37.36:714][323]LogModuleManager: Shutting down and abandoning module Slate (63)
[2015.04.04-18.37.36:714][323]LogModuleManager: Shutting down and abandoning module EditorStyle (62)
[2015.04.04-18.37.37:005][323]LogModuleManager: Shutting down and abandoning module SessionServices (61)
[2015.04.04-18.37.37:005][323]LogModuleManager: Shutting down and abandoning module SourceCodeAccess (60)
[2015.04.04-18.37.37:005][323]LogModuleManager: Shutting down and abandoning module HeadMountedDisplay (59)
[2015.04.04-18.37.37:040][323]LogModuleManager: Shutting down and abandoning module XAudio2 (58)
[2015.04.04-18.37.37:040][323]LogModuleManager: Shutting down and abandoning module Networking (56)
[2015.04.04-18.37.37:040][323]LogModuleManager: Shutting down and abandoning module Core (55)
[2015.04.04-18.37.37:040][323]LogModuleManager: Shutting down and abandoning module KismetCompiler (54)
[2015.04.04-18.37.37:040][323]LogModuleManager: Shutting down and abandoning module PhysXFormats (53)
[2015.04.04-18.37.37:040][323]LogModuleManager: Shutting down and abandoning module MeshUtilities (52)
[2015.04.04-18.37.37:134][323]LogModuleManager: Shutting down and abandoning module DerivedDataCache (51)
[2015.04.04-18.37.37:217][323]LogDerivedDataCache: Shutdown
[2015.04.04-18.37.37:217][323]LogModuleManager: Shutting down and abandoning module ShaderFormatOpenGL (50)
[2015.04.04-18.37.37:274][323]LogModuleManager: Shutting down and abandoning module ShaderFormatD3D (49)
[2015.04.04-18.37.37:339][323]LogModuleManager: Shutting down and abandoning module MetalShaderFormat (48)
[2015.04.04-18.37.37:389][323]LogModuleManager: Shutting down and abandoning module TextureFormatUncompressed (47)
[2015.04.04-18.37.37:389][323]LogModuleManager: Shutting down and abandoning module TextureFormatPVR (46)
[2015.04.04-18.37.37:404][323]LogModuleManager: Shutting down and abandoning module TextureFormatIntelISPCTexComp (45)
[2015.04.04-18.37.37:443][323]LogModuleManager: Shutting down and abandoning module TextureFormatDXT (44)
[2015.04.04-18.37.37:465][323]LogModuleManager: Shutting down and abandoning module ImageWrapper (43)
[2015.04.04-18.37.37:465][323]LogModuleManager: Shutting down and abandoning module TextureFormatASTC (42)
[2015.04.04-18.37.37:508][323]LogModuleManager: Shutting down and abandoning module TextureFormatAndroid (41)
[2015.04.04-18.37.37:508][323]LogModuleManager: Shutting down and abandoning module AudioFormatOpus (40)
[2015.04.04-18.37.37:564][323]LogModuleManager: Shutting down and abandoning module AudioFormatOgg (39)
[2015.04.04-18.37.37:564][323]LogModuleManager: Shutting down and abandoning module AudioFormatADPCM (38)
[2015.04.04-18.37.37:564][323]LogModuleManager: Shutting down and abandoning module LinuxTargetPlatform (37)
[2015.04.04-18.37.37:642][323]LogModuleManager: Shutting down and abandoning module LinuxServerTargetPlatform (36)
[2015.04.04-18.37.37:677][323]LogModuleManager: Shutting down and abandoning module LinuxNoEditorTargetPlatform (35)
[2015.04.04-18.37.37:727][323]LogModuleManager: Shutting down and abandoning module Messaging (34)
[2015.04.04-18.37.37:727][323]LogModuleManager: Shutting down and abandoning module IOSTargetPlatform (33)
[2015.04.04-18.37.37:742][323]LogModuleManager: Shutting down and abandoning module HTML5TargetPlatform (32)
[2015.04.04-18.37.37:804][323]LogModuleManager: Shutting down and abandoning module Android_PVRTCTargetPlatform (31)
[2015.04.04-18.37.37:804][323]LogModuleManager: Shutting down and abandoning module Android_ETC2TargetPlatform (30)
[2015.04.04-18.37.37:829][323]LogModuleManager: Shutting down and abandoning module Android_ETC1TargetPlatform (29)
[2015.04.04-18.37.37:834][323]LogModuleManager: Shutting down and abandoning module Android_ES31TargetPlatform (28)
[2015.04.04-18.37.37:835][323]LogModuleManager: Shutting down and abandoning module Android_DXTTargetPlatform (27)
[2015.04.04-18.37.37:835][323]LogModuleManager: Shutting down and abandoning module Android_ATCTargetPlatform (26)
[2015.04.04-18.37.37:835][323]LogModuleManager: Shutting down and abandoning module AndroidTargetPlatform (25)
[2015.04.04-18.37.37:836][323]LogModuleManager: Shutting down and abandoning module WindowsTargetPlatform (24)
[2015.04.04-18.37.37:874][323]LogModuleManager: Shutting down and abandoning module WindowsServerTargetPlatform (23)
[2015.04.04-18.37.37:874][323]LogModuleManager: Shutting down and abandoning module WindowsNoEditorTargetPlatform (22)
[2015.04.04-18.37.37:905][323]LogModuleManager: Shutting down and abandoning module WindowsClientTargetPlatform (21)
[2015.04.04-18.37.37:906][323]LogModuleManager: Shutting down and abandoning module TargetPlatform (20)
[2015.04.04-18.37.37:950][323]LogModuleManager: Shutting down and abandoning module InputCore (19)
[2015.04.04-18.37.37:950][323]LogModuleManager: Shutting down and abandoning module Settings (18)
[2015.04.04-18.37.38:021][323]LogModuleManager: Shutting down and abandoning module OnlineSubsystem (16)
[2015.04.04-18.37.38:021][323]LogModuleManager: Shutting down and abandoning module OculusRift (15)
[2015.04.04-18.37.38:021][323]LogModuleManager: Shutting down and abandoning module ExampleDeviceProfileSelector (14)
[2015.04.04-18.37.38:069][323]LogModuleManager: Shutting down and abandoning module TextureCompressor (13)
[2015.04.04-18.37.38:153][323]LogModuleManager: Shutting down and abandoning module ShaderCore (12)
[2015.04.04-18.37.38:153][323]LogModuleManager: Shutting down and abandoning module Landscape (11)
[2015.04.04-18.37.38:153][323]LogModuleManager: Shutting down and abandoning module SlateRHIRenderer (10)
[2015.04.04-18.37.38:256][323]LogModuleManager: Shutting down and abandoning module OpenGLDrv (9)
[2015.04.04-18.37.38:256][323]LogModuleManager: Shutting down and abandoning module D3D11RHI (8)
[2015.04.04-18.37.38:256][323]LogModuleManager: Shutting down and abandoning module Renderer (7)
[2015.04.04-18.37.38:256][323]LogModuleManager: Shutting down and abandoning module Engine (6)
[2015.04.04-18.37.38:256][323]LogModuleManager: Shutting down and abandoning module CoreUObject (5)
[2015.04.04-18.37.38:256][323]LogModuleManager: Shutting down and abandoning module NetworkFile (4)
[2015.04.04-18.37.38:328][323]LogModuleManager: Shutting down and abandoning module StreamingFile (3)
[2015.04.04-18.37.38:332][323]LogModuleManager: Shutting down and abandoning module SandboxFile (2)
[2015.04.04-18.37.38:361][323]LogModuleManager: Shutting down and abandoning module PakFile (1)
[2015.04.04-18.37.38:732][323]LogExit: Exiting.
[2015.04.04-18.37.40:298][323]Log file closed, 04/04/15 13:37:40
