Log file open, 04/07/15 15:50:53
LogInit:Display: Running engine for game: EndlessFlyer
LogInit: Version: 4.7.4-2497108+++depot+UE4-Releases+4.7
LogInit: API Version: 2455222
LogInit: Compiled (64-bit): Mar 31 2015 09:40:25
LogInit: Compiled with Visual C++: 18.00.21005.01
LogInit: Build Configuration: Development
LogInit: Branch Name: ++depot+UE4-Releases+4.7
LogInit: Command line:  
LogInit: Base directory: C:/Program Files/EpicGames/Epic Games/4.7/Engine/Binaries/Win64/
LogInit: Rocket: 1
[2015.04.07-20.50.53:907][  0]LogTaskGraph: Started task graph with 3 named threads and 4 total threads.
[2015.04.07-20.50.53:974][  0]LogOnline:Warning: No default platform service specified for OnlineSubsystem
[2015.04.07-20.50.54:021][  0]LogInit: Presizing for 0 objects not considered by GC, pre-allocating 0 bytes.
[2015.04.07-20.50.54:056][  0]LogInit: Object subsystem initialized
[2015.04.07-20.50.54:062][  0]LogConsoleResponse:Warning: Skipping Unknown console variable: 'TranslucentSortAxis = (X=0.000000,Y=-1.000000,Z=0.000000)'
[2015.04.07-20.50.54:062][  0]LogConsoleResponse:Warning:   Found in ini file 'C:/Users/Alejandro/Documents/Game Making/Unreal/EndlessFlyer/Saved/Config/Windows/Engine.ini', in section '[/Script/Engine.RendererSettings]'
[2015.04.07-20.50.54:062][  0]LogConsoleResponse:Warning: Skipping Unknown console variable: 'UIScaleRule = ShortestSide'
[2015.04.07-20.50.54:062][  0]LogConsoleResponse:Warning:   Found in ini file 'C:/Users/Alejandro/Documents/Game Making/Unreal/EndlessFlyer/Saved/Config/Windows/Engine.ini', in section '[/Script/Engine.RendererSettings]'
[2015.04.07-20.50.54:062][  0]LogConsoleResponse:Warning: Skipping Unknown console variable: 'UIScaleCurve = (EditorCurveData=(Keys=),ExternalCurve=None)'
[2015.04.07-20.50.54:062][  0]LogConsoleResponse:Warning:   Found in ini file 'C:/Users/Alejandro/Documents/Game Making/Unreal/EndlessFlyer/Saved/Config/Windows/Engine.ini', in section '[/Script/Engine.RendererSettings]'
[2015.04.07-20.50.54:064][  0]LogInit: Selected Device Profile: [Windows]
[2015.04.07-20.50.54:064][  0]LogInit: Applying CVar settings loaded from the selected device profile: [Windows]
[2015.04.07-20.50.54:089][  0]LogInit: Computer: WHEATLEY
[2015.04.07-20.50.54:089][  0]LogInit: User: Alejandro
[2015.04.07-20.50.54:089][  0]LogInit: CPU Page size=4096, Cores=2
[2015.04.07-20.50.54:089][  0]LogInit: High frequency timer resolution =2.338337 MHz
[2015.04.07-20.50.54:089][  0]LogMemory: Memory total: Physical=5.9GB (6GB approx) Virtual=131072.0GB
[2015.04.07-20.50.54:090][  0]LogMemory: Platform Memory Stats for Windows
[2015.04.07-20.50.54:090][  0]LogMemory: Process Physical Memory: 46.39 MB used, 46.39 MB peak
[2015.04.07-20.50.54:090][  0]LogMemory: Process Virtual Memory: 26.43 MB used, 26.43 MB peak
[2015.04.07-20.50.54:091][  0]LogMemory: Physical Memory: 3396.36 MB used, 6045.10 MB total
[2015.04.07-20.50.54:091][  0]LogMemory: Virtual Memory: 288.41 MB used, 134217728.00 MB total
[2015.04.07-20.50.54:213][  0]LogD3D11RHI: Found D3D11 adapter 0: Intel(R) HD Graphics Family (Feature Level 11_0)
[2015.04.07-20.50.54:213][  0]LogD3D11RHI: Adapter has 0MB of dedicated video memory, 0MB of dedicated system memory, and 1792MB of shared system memory, 1 output[s]
[2015.04.07-20.50.54:259][  0]LogD3D11RHI: Found D3D11 adapter 1: NVIDIA GeForce GT 720M    (Feature Level 11_0)
[2015.04.07-20.50.54:259][  0]LogD3D11RHI: Adapter has 1994MB of dedicated video memory, 0MB of dedicated system memory, and 2047MB of shared system memory, 0 output[s]
[2015.04.07-20.50.54:263][  0]LogD3D11RHI: Found D3D11 adapter 2: Microsoft Basic Render Driver (Feature Level 11_0)
[2015.04.07-20.50.54:263][  0]LogD3D11RHI: Adapter has 0MB of dedicated video memory, 0MB of dedicated system memory, and 256MB of shared system memory, 0 output[s]
[2015.04.07-20.50.54:263][  0]LogD3D11RHI: Chosen D3D11 Adapter Id = 0
[2015.04.07-20.50.54:285][  0]LogRHI: Texture pool is 1361 MB (70% of 1945 MB)
[2015.04.07-20.50.54:326][  0]LogD3D11RHI: Async texture creation enabled
[2015.04.07-20.50.54:455][  0]LogTextLocalizationManager: The requested culture ('en') has no localization data; parent culture's ('es') localization data will be used.
[2015.04.07-20.50.54:786][  0]LogTextLocalizationManager:Warning: Loading localization resources contain conflicting entries for (Namespace:UICommands, Key:Save_ToolTip):
Resource: (C:/Program Files/EpicGames/Epic Games/4.7/Engine/Content/Localization/Editor/en/Editor.locres) Hash: (-29098895) String: (Saves the current level to disk)
Resource: (C:/Program Files/EpicGames/Epic Games/4.7/Engine/Content/Localization/Engine/en/Engine.locres) Hash: (-1280300587) String: (Save selected data to vlog file)
[2015.04.07-20.50.54:786][  0]LogTextLocalizationManager:Warning: Loading localization resources contain conflicting entries for (Namespace:ContentBrowser, Key:ImportAssetToolTip):
Resource: (C:/Program Files/EpicGames/Epic Games/4.7/Engine/Content/Localization/Editor/en/Editor.locres) Hash: (-630476809) String: (Import to {0}...)
Resource: (C:/Program Files/EpicGames/Epic Games/4.7/Engine/Content/Localization/Editor/en/Editor.locres) Hash: (1271782899) String: (Imports an asset from file to this folder.)
[2015.04.07-20.50.55:091][  0]LogContentStreaming: Texture pool size is 0.000000MB
[2015.04.07-20.51.04:200][  0]LogTargetPlatformManager:Display: Building Assets For Windows
[2015.04.07-20.51.06:551][  0]LogTargetPlatformManager:Display: Building Assets For Windows
[2015.04.07-20.51.06:796][  0]LogDerivedDataCache:Display: Max Cache Size: 512 MB
[2015.04.07-20.51.06:965][  0]LogDerivedDataCache: Loaded boot cache 0.17s 39MB C:/Users/Alejandro/AppData/Local/UnrealEngine/4.7/DerivedDataCache/Boot.ddc.
[2015.04.07-20.51.06:965][  0]LogDerivedDataCache:Display: Loaded Boot cache: C:/Users/Alejandro/AppData/Local/UnrealEngine/4.7/DerivedDataCache/Boot.ddc
[2015.04.07-20.51.06:965][  0]LogDerivedDataCache: FDerivedDataBackendGraph:  Pak pak cache file ../../../../../../../Users/Alejandro/Documents/Game Making/Unreal/EndlessFlyer/DerivedDataCache/DDC.ddp not found, will not use a pak cache.
[2015.04.07-20.51.06:965][  0]LogDerivedDataCache: Unable to find inner node Pak for hierarchical cache Hierarchy.
[2015.04.07-20.51.07:431][  0]LogDerivedDataCache:Display: Pak cache opened for reading ../../../Engine/DerivedDataCache/Compressed.ddp.
[2015.04.07-20.51.07:446][  0]LogDerivedDataCache: Using Local data cache path C:/Users/Alejandro/AppData/Local/UnrealEngine/Common/DerivedDataCache: Writable
[2015.04.07-20.51.08:470][  0]LogMeshUtilities: No automatic mesh reduction module available
[2015.04.07-20.51.08:470][  0]LogMeshUtilities: No automatic mesh merging module available
[2015.04.07-20.51.09:940][  0]LogInit: WinSock: version 1.1 (2.2), MaxSocks=32767, MaxUdp=65467
[2015.04.07-20.51.10:232][  0]LogSlate:Warning: Failed to load font data from '../../../Engine/Content/Slate/Fonts/Roboto-Italic.ttf'
[2015.04.07-20.51.13:069][  0]UdpMessaging: Initializing bridge on interface 0.0.0.0:0 to multicast group 230.0.0.1:6666.
[2015.04.07-20.51.13:695][  0]SourceControl: Info Source control is disabled
[2015.04.07-20.51.13:695][  0]SourceControl: Info Source control is disabled
[2015.04.07-20.51.13:696][  0]SourceControl: Info Source control is disabled
[2015.04.07-20.51.13:696][  0]LogSourceControl: RunCommandInternalRaw: 'git version'
[2015.04.07-20.51.13:696][  0]LogSourceControl: RunCommandInternalRaw: ExecProcess ReturnCode=2 OutResults=''
[2015.04.07-20.51.13:729][  0]LogSourceControl: RunCommandInternalRaw: 'git version'
[2015.04.07-20.51.13:756][  0]LogSourceControl: RunCommandInternalRaw: ExecProcess ReturnCode=0 OutResults='git version 1.9.5.msysgit.1
'
[2015.04.07-20.51.14:499][  0]LeapPluginLog: Using LeapPlugin version 0.9.2
[2015.04.07-20.51.14:518][  0]LogObj: 24850 objects as part of root set at end of initial load.
[2015.04.07-20.51.14:518][  0]LogUObjectAllocator: 5236528 out of 0 bytes used by permanent object pool.
[2015.04.07-20.51.14:804][  0]LogEngine: Initializing Engine...
[2015.04.07-20.51.17:342][  0]LogInit: XAudio2 using 'Altavoces (Realtek High Definition Audio)' : 2 channels at 48 kHz using 32 bits per sample (channel mask 0x3)
[2015.04.07-20.51.17:525][  0]LogInit: FAudioDevice initialized.
[2015.04.07-20.51.17:670][  0]LogAIModule: Creating AISystem for world NewWorld
[2015.04.07-20.51.17:744][  0]LogDerivedDataCache: Saved boot cache 0.07s 39MB C:/Users/Alejandro/AppData/Local/UnrealEngine/4.7/DerivedDataCache/Boot.ddc.
[2015.04.07-20.51.17:753][  0]LogInit: Texture streaming: Enabled
[2015.04.07-20.51.18:090][  0]LogAnalytics: Creating configured Analytics provider AnalyticsET
[2015.04.07-20.51.18:090][  0]LogAnalytics: ET APIKey = Rocket.Release. APIServer = http://et2.epicgames.com/ET2/. AppVersion = 4.7.4-2497108+++depot+UE4-Releases+4.7
[2015.04.07-20.51.18:090][  0]LogAnalytics: ET APIKey = Rocket.Release. DataRouterUploadURL = https://datarouter-public-service-gamedev.ol.epicgames.net/datarouter/api/v1/public/data. AppVersion = 4.7.4-2497108+++depot+UE4-Releases+4.7
[2015.04.07-20.51.18:090][  0]LogAnalytics: SetUserId 4d7b92ee4a918ef235694a9553972bff|8bf8f7568e974c7196ce9bba7cc36de4|353ae85b-d1f9-4354-8b4e-d27eb10dd716
[2015.04.07-20.51.18:091][  0]LogAnalytics: AnalyticsET::StartSession [Rocket.Release]
[2015.04.07-20.51.18:184][  0]LogInit: Transaction tracking system initialized
[2015.04.07-20.51.18:932][  0]BlueprintLog: New page: Editor Load
[2015.04.07-20.51.19:037][  0]LogAssetRegistry: FAssetRegistry took 0.0111 seconds to start up
[2015.04.07-20.51.19:039][  0]LogDirectoryWatcher:Warning: Failed to begin reading directory changes for ../../../Engine/Plugins/Experimental/CharacterAI/Content/. Error: 0
[2015.04.07-20.51.21:757][  0]LogTargetPlatformManager:Display: Building Assets For Windows
[2015.04.07-20.51.23:473][  0]LogTargetPlatformManager:Display: Building Assets For Windows
[2015.04.07-20.51.24:458][  0]LogSlate:Warning: Failed to load font data from '../../../Engine/Content/Editor/Slate/Fonts/Roboto-Regular.ttf'
[2015.04.07-20.51.24:460][  0]LogSlate:Warning: Failed to load font data from '../../../Engine/Content/Editor/Slate/Fonts/Roboto-Bold.ttf'
[2015.04.07-20.51.24:636][  0]LogConsoleResponse:Display: 
[2015.04.07-20.51.25:195][  0]LogCook:Display: Done creating registry. It took  0.00s.
[2015.04.07-20.51.25:758][  0]LogSourceControl: RunCommandInternalRaw: 'git version'
[2015.04.07-20.51.25:788][  0]LogSourceControl: RunCommandInternalRaw: ExecProcess ReturnCode=0 OutResults='git version 1.9.5.msysgit.1
'
[2015.04.07-20.51.25:790][  0]Cmd: MAP LOAD FILE="../../../../../../../Users/Alejandro/Documents/Game Making/Unreal/EndlessFlyer/Content/FlyingBP/Maps/FlyingExampleMap.umap" TEMPLATE=0 SHOWPROGRESS=1 FEATURELEVEL=3
[2015.04.07-20.51.25:791][  0]LogEditorServer:Warning: Can't find file '../../../../../../../Users/Alejandro/Documents/Game Making/Unreal/EndlessFlyer/Content/FlyingBP/Maps/FlyingExampleMap.umap'
[2015.04.07-20.51.25:791][  0]Cmd: MAP CHECKDEP
[2015.04.07-20.51.25:792][  0]MapCheck: New page: Untitled_0 - Apr 7, 2015, 10:51:25 AM
[2015.04.07-20.51.26:056][  0]MapCheck: Info Map check complete: 0 Error(s), 0 Warning(s), took 264.07ms to complete.
[2015.04.07-20.51.26:057][  0]LogFileHelpers: Loading map 'FlyingExampleMap' took 0.266
[2015.04.07-20.51.26:537][  0]LogSourceControl: RunCommandInternalRaw: 'git status'
[2015.04.07-20.51.26:538][  0]LogCollectionManager: Loaded 0 collections in 0.009447 seconds
[2015.04.07-20.51.26:588][  0]LogSourceControl: RunCommandInternalRaw: ExecProcess ReturnCode=0 OutResults='On branch master
Your branch is up-to-date with 'origin/master'.

Changes not staged for commit:
  (use "git add <file>..." to update what will be committed)
  (use "git checkout -- <file>..." to discard changes in working directory)

	modified:   Content/FlyingBP/Blueprints/XWing.uasset
	modified:   Content/FlyingBP/Effects/P_UFO_Engine.uasset
	modified:   Content/FlyingBP/Maps/EndlessFlight.umap
	modified:   Content/FlyingBP/Materials/M_Particle_Ribbon.uasset
	modified:   Intermediate/CachedAssetRegistry.bin
	modified:   Saved/AutoScreenshot.png
	modified:   Saved/Config/Windows/EditorLayout.ini
	modified:   Saved/Config/Windows/EditorUserSettings.ini
	modified:   Saved/Logs/EndlessFlyer.log

Untracked files:
  (use "git add <file>..." to include in what will be committed)

	Content/StarterContent/Materials/
	Content/StarterContent/Textures/
	Saved/Backup/EndlessFlight_2015-04-07-15-48-41.umap
	Saved/Backup/M_Particle_Ribbon_2015-04-07-15-48-41.uasset
	Saved/Backup/P_UFO_Engine_2015-04-07-15-45-54.uasset
	Saved/Backup/XWing_2015-04-07-15-40-17.uasset
	Saved/Backup/XWing_2015-04-07-15-48-38.uasset
	Saved/Logs/EndlessFlyer-backup-2015.04.07-15.34.41.log
	Saved/Logs/EndlessFlyer-backup-2015.04.07-15.50.53.log

no changes added to commit (use "git add" and/or "git commit -a")
'
[2015.04.07-20.51.26:589][  0]LogSourceControl: RunCommandInternalRaw: 'git symbolic-ref --short HEAD'
[2015.04.07-20.51.26:589][  0]LogContentBrowser: Native class hierarchy populated in 0.0505 seconds. Added 1722 classes and 265 folders.
[2015.04.07-20.51.26:707][  0]LogSourceControl: RunCommandInternalRaw: ExecProcess ReturnCode=0 OutResults='master
'
[2015.04.07-20.51.26:707][  0]LogContentBrowser: Native class hierarchy updated for 'SceneOutliner' in 0.0072 seconds. Added 1 classes and 2 folders.
[2015.04.07-20.51.27:019][  0]LogCrashTracker: Crashtracker disabled due to settings.
[2015.04.07-20.51.27:023][  0]LogSlate:Warning: Failed to load font data from 'Veranda'
[2015.04.07-20.51.27:057][  0]LogUObjectGlobals:Warning: Failed to find object 'Class None.'
[2015.04.07-20.51.27:099][  0]LogLoad: Full Startup: 37.34 seconds (BP compile: 0.01 seconds)
[2015.04.07-20.51.27:688][  0]SourceControl: Info master
[2015.04.07-20.51.28:052][  0]LogRenderer:Warning: Reallocating scene render targets to support 856x376 (Frame:2).
[2015.04.07-20.51.28:540][  1]LogContentBrowser:Verbose: The content browser source was changed by the sources view to '/Game/StarterContent/Particles'
[2015.04.07-20.51.34:380][ 20]LogAssetRegistry: Asset discovery search completed in 15.3544 seconds
[2015.04.07-20.51.37:290][136]LogSourceControl: RunCommandInternalRaw: 'git status --porcelain --ignored "C:/Users/Alejandro/Documents/Game Making/Unreal/EndlessFlyer/Content/StarterContent/Particles/P_Ambient_Dust.uasset" "C:/Users/Alejandro/Documents/Game Making/Unreal/EndlessFlyer/Content/StarterContent/Particles/P_Explosion.uasset" "C:/Users/Alejandro/Documents/Game Making/Unreal/EndlessFlyer/Content/StarterContent/Particles/P_Fire.uasset" "C:/Users/Alejandro/Documents/Game Making/Unreal/EndlessFlyer/Content/StarterContent/Particles/P_Smoke.uasset" "C:/Users/Alejandro/Documents/Game Making/Unreal/EndlessFlyer/Content/StarterContent/Particles/P_Sparks.uasset" "C:/Users/Alejandro/Documents/Game Making/Unreal/EndlessFlyer/Content/StarterContent/Particles/P_Steam_Lit.uasset"'
[2015.04.07-20.51.37:461][140]LogSourceControl: RunCommandInternalRaw: ExecProcess ReturnCode=0 OutResults=''
[2015.04.07-20.51.39:256][188]LogContentBrowser: Native class hierarchy updated for 'Cascade' in 0.0115 seconds. Added 2 classes and 2 folders.
[2015.04.07-20.51.39:392][188]LogPhysics:Warning: PHYSX: ..\..\PhysXExtensions\src\ExtRigidBodyExt.cpp (234) 4 : computeMassAndInertia: Dynamic actor with illegal collision shapes
[2015.04.07-20.51.39:392][188]LogPhysics:Warning: PHYSX: ..\..\PhysXExtensions\src\ExtRigidBodyExt.cpp (283) 4 : PxRigidBodyExt::updateMassAndInertia: Mass and inertia computation failed, setting mass to 1 and inertia to (1,1,1)
[2015.04.07-20.51.40:551][188]LogRenderer:Warning: Reallocating scene render targets to support 896x376 (Frame:9).
[2015.04.07-20.51.44:045][352]LogSourceControl: RunCommandInternalRaw: 'git status --porcelain --ignored "C:/Users/Alejandro/Documents/Game Making/Unreal/EndlessFlyer/Content/StarterContent/Particles/P_Ambient_Dust.uasset" "C:/Users/Alejandro/Documents/Game Making/Unreal/EndlessFlyer/Content/StarterContent/Particles/P_Explosion.uasset" "C:/Users/Alejandro/Documents/Game Making/Unreal/EndlessFlyer/Content/StarterContent/Particles/P_Fire.uasset" "C:/Users/Alejandro/Documents/Game Making/Unreal/EndlessFlyer/Content/StarterContent/Particles/P_Smoke.uasset" "C:/Users/Alejandro/Documents/Game Making/Unreal/EndlessFlyer/Content/StarterContent/Particles/P_Sparks.uasset" "C:/Users/Alejandro/Documents/Game Making/Unreal/EndlessFlyer/Content/StarterContent/Particles/P_Steam_Lit.uasset"'
[2015.04.07-20.51.44:135][356]LogSourceControl: RunCommandInternalRaw: ExecProcess ReturnCode=0 OutResults=''
[2015.04.07-20.51.48:552][570]LogContentBrowser:Verbose: The content browser source was changed by the sources view to '/Game/GTFreeMaterials'
[2015.04.07-20.51.49:575][612]LogSourceControl: RunCommandInternalRaw: 'git status --porcelain --ignored "C:/Users/Alejandro/Documents/Game Making/Unreal/EndlessFlyer/Content/GTFreeMaterials/Showcase.umap"'
[2015.04.07-20.51.49:671][616]LogSourceControl: RunCommandInternalRaw: ExecProcess ReturnCode=0 OutResults=''
[2015.04.07-20.51.50:441][651]LogContentBrowser:Verbose: The content browser source was changed by the sources view to '/Game/FlyingBP'
[2015.04.07-20.51.51:472][693]LogSourceControl: RunCommandInternalRaw: 'git status --porcelain --ignored "C:/Users/Alejandro/Documents/Game Making/Unreal/EndlessFlyer/Content/FlyingBP/FlyingOverview.uasset"'
[2015.04.07-20.51.51:585][697]LogSourceControl: RunCommandInternalRaw: ExecProcess ReturnCode=0 OutResults=''
[2015.04.07-20.51.52:548][746]LogContentBrowser:Verbose: The content browser source was changed by the sources view to '/Game/GTFreeMaterials'
[2015.04.07-20.51.53:580][800]LogSourceControl: RunCommandInternalRaw: 'git status --porcelain --ignored "C:/Users/Alejandro/Documents/Game Making/Unreal/EndlessFlyer/Content/GTFreeMaterials/Showcase.umap"'
[2015.04.07-20.51.53:667][804]LogSourceControl: RunCommandInternalRaw: ExecProcess ReturnCode=0 OutResults=''
[2015.04.07-20.51.57:936][ 33]LogContentBrowser:Verbose: The content browser source was changed by the sources view to '/Game/FlyingBP/Maps'
[2015.04.07-20.51.58:954][ 81]LogSourceControl: RunCommandInternalRaw: 'git status --porcelain --ignored "C:/Users/Alejandro/Documents/Game Making/Unreal/EndlessFlyer/Content/FlyingBP/Maps/EndlessFlight.umap"'
[2015.04.07-20.51.59:081][ 87]LogSourceControl: RunCommandInternalRaw: ExecProcess ReturnCode=0 OutResults=' M Content/FlyingBP/Maps/EndlessFlight.umap
'
[2015.04.07-20.52.08:574][218]LeapPluginLog: LeapController::CleanupEventData Delete Called
[2015.04.07-20.52.08:638][218]LeapPluginLog: LeapController::CleanupEventData Delete Called
[2015.04.07-20.52.08:732][218]Cmd: MAP LOAD FILE="../../../../../../../Users/Alejandro/Documents/Game Making/Unreal/EndlessFlyer/Content/FlyingBP/Maps/EndlessFlight.umap" TEMPLATE=0 SHOWPROGRESS=1 FEATURELEVEL=3
[2015.04.07-20.52.08:737][218]LightingResults: New page: Lighting Build
[2015.04.07-20.52.08:796][218]LogContentBrowser: Native class hierarchy updated for 'StatsViewer' in 0.0102 seconds. Added 5 classes and 0 folders.
[2015.04.07-20.52.08:907][218]LoadErrors: New page: Loading map: EndlessFlight.umap
[2015.04.07-20.52.08:908][218]MapCheck: New page: Map Check
[2015.04.07-20.52.08:908][218]LightingResults: New page: Lighting Build
[2015.04.07-20.52.08:973][218]LogParticles: Destroying 0 GPU particle simulations for FXSystem 0x0000005DE7762480
[2015.04.07-20.52.09:098][218]LogEditorServer: Finished looking for orphan Actors (0.000 secs)
[2015.04.07-20.52.09:104][218]LogAIModule: Creating AISystem for world EndlessFlight
[2015.04.07-20.52.09:230][218]Cmd: MAP CHECKDEP
[2015.04.07-20.52.09:231][218]MapCheck: New page: EndlessFlight - Apr 7, 2015, 10:52:09 AM
[2015.04.07-20.52.09:620][218]MapCheck: Info Map check complete: 0 Error(s), 0 Warning(s), took 389.224ms to complete.
[2015.04.07-20.52.09:623][218]LogFileHelpers: Loading map 'EndlessFlight' took 0.896
[2015.04.07-20.52.10:690][256]LogSourceControl: RunCommandInternalRaw: 'git status --porcelain --ignored "C:/Users/Alejandro/Documents/Game Making/Unreal/EndlessFlyer/Content/FlyingBP/Maps/EndlessFlight.umap"'
[2015.04.07-20.52.10:832][262]LogSourceControl: RunCommandInternalRaw: ExecProcess ReturnCode=0 OutResults=' M Content/FlyingBP/Maps/EndlessFlight.umap
'
[2015.04.07-20.52.14:750][446]LogPlayLevel: PIE:  No blueprints needed recompiling
[2015.04.07-20.52.14:750][446]PIE: New page: PIE session: EndlessFlight (Apr 7, 2015, 10:52:14 AM)
[2015.04.07-20.52.14:756][446]LogPlayLevel: PIE: StaticDuplicateObject took: (0.004954s)
[2015.04.07-20.52.14:758][446]LogPlayLevel: PIE: World Init took: (0.001969s)
[2015.04.07-20.52.14:759][446]LogPlayLevel: PIE: Created PIE world by copying editor world from /Game/FlyingBP/Maps/EndlessFlight.EndlessFlight to /Game/FlyingBP/Maps/UEDPIE_0_EndlessFlight.EndlessFlight (0.007631s)
[2015.04.07-20.52.14:876][446]LogWorld: Game class is 'FlyingGameMode_C'
[2015.04.07-20.52.14:880][446]LogAIModule: Creating AISystem for world EndlessFlight
[2015.04.07-20.52.14:889][446]LogWorld: Bringing World /Game/FlyingBP/Maps/UEDPIE_0_EndlessFlight.EndlessFlight up for play (max tick rate 60) at 2015.04.07-15.52.14
[2015.04.07-20.52.14:891][446]LogWorld: Bringing up level for play took: 0.008743
[2015.04.07-20.52.14:899][446]LeapPluginLog: InterfaceObject: XWing_C_0
[2015.04.07-20.52.15:099][446]PIE: Info Play in editor start time for /Game/FlyingBP/Maps/UEDPIE_0_EndlessFlight -0.634
[2015.04.07-20.52.39:771][102]Cmd: restartLevel
[2015.04.07-20.52.39:805][103]LogNet: Browse: /Game/FlyingBP/Maps/EndlessFlight?restart
[2015.04.07-20.52.39:835][103]LogLoad: LoadMap: /Game/FlyingBP/Maps/EndlessFlight
[2015.04.07-20.52.39:837][103]LeapPluginLog: LeapController::CleanupEventData Delete Called
[2015.04.07-20.52.39:850][103]LogActorComponent: UnregisterComponent: (/Engine/Transient.LeapController_0) Not registered. Aborting.
[2015.04.07-20.52.39:925][103]LogParticles: Destroying 0 GPU particle simulations for FXSystem 0x0000005D8291D1C0
[2015.04.07-20.52.39:926][103]LeapPluginLog: LeapController::CleanupEventData Delete Called
[2015.04.07-20.52.40:064][103]Cmd: MEM
[2015.04.07-20.52.40:149][103]LogMemory: Platform Memory Stats for Windows
[2015.04.07-20.52.40:149][103]LogMemory: Process Physical Memory: 476.60 MB used, 496.11 MB peak
[2015.04.07-20.52.40:149][103]LogMemory: Process Virtual Memory: 379.14 MB used, 400.30 MB peak
[2015.04.07-20.52.40:149][103]LogMemory: Physical Memory: 3836.70 MB used, 6045.10 MB total
[2015.04.07-20.52.40:149][103]LogMemory: Virtual Memory: 1013.58 MB used, 134217728.00 MB total
[2015.04.07-20.52.40:149][103]LogMemory: 
[2015.04.07-20.52.40:149][103]Allocator Stats for TBB: (not implemented)
[2015.04.07-20.52.40:154][103]LogPlayLevel: PIE: StaticDuplicateObject took: (0.005401s)
[2015.04.07-20.52.40:157][103]LogPlayLevel: PIE: World Init took: (0.002515s)
[2015.04.07-20.52.40:157][103]LogPlayLevel: PIE: Created PIE world by copying editor world from /Game/FlyingBP/Maps/EndlessFlight.EndlessFlight to /Game/FlyingBP/Maps/UEDPIE_0_EndlessFlight.EndlessFlight (0.008404s)
[2015.04.07-20.52.40:165][103]LogWorld: Game class is 'FlyingGameMode_C'
[2015.04.07-20.52.40:170][103]LogAIModule: Creating AISystem for world EndlessFlight
[2015.04.07-20.52.40:181][103]LogWorld: Bringing World /Game/FlyingBP/Maps/UEDPIE_0_EndlessFlight.EndlessFlight up for play (max tick rate 60) at 2015.04.07-15.52.40
[2015.04.07-20.52.40:183][103]LogWorld: Bringing up level for play took: 0.010764
[2015.04.07-20.52.40:189][103]LeapPluginLog: InterfaceObject: XWing_C_1
[2015.04.07-20.53.02:606][717]LeapPluginLog: LeapController::CleanupEventData Delete Called
[2015.04.07-20.53.02:851][718]LogParticles: Destroying 0 GPU particle simulations for FXSystem 0x0000005D8291FC40
[2015.04.07-20.53.06:571][873]LogCascade: Quitting Cascade. FXSystem=0x0000005DFF17ACA0
[2015.04.07-20.53.10:668][ 77]LogContentBrowser:Verbose: The content browser source was changed by the sources view to '/Game/FlyingBP/Blueprints'
[2015.04.07-20.53.11:810][104]LogSourceControl: RunCommandInternalRaw: 'git status --porcelain --ignored "C:/Users/Alejandro/Documents/Game Making/Unreal/EndlessFlyer/Content/FlyingBP/Blueprints/BP_Obstacle.uasset" "C:/Users/Alejandro/Documents/Game Making/Unreal/En